[INFO 2018-09-20 20:03:35,949 test_adv] STEP: 0
[INFO 2018-09-20 20:03:35,950 test_adv] 	Elapsed time:	2s
[INFO 2018-09-20 20:03:35,955 test_adv] 	Train loss|acc:		0.00|0.0000
[INFO 2018-09-20 20:03:35,956 test_adv] 	Adv train loss|acc:	0.00|0.0000
[INFO 2018-09-20 20:03:36,931 test_adv] 	Val loss|acc:		3.75|0.0544
[INFO 2018-09-20 20:03:51,975 test_adv] 	Adv val loss|acc:	3.75|0.0395
[INFO 2018-09-20 20:07:58,434 test_adv] STEP: 1000
[INFO 2018-09-20 20:07:58,434 test_adv] 	Elapsed time:	262s
[INFO 2018-09-20 20:07:58,434 test_adv] 	Train loss|acc:		1.12|0.6981
[INFO 2018-09-20 20:07:58,435 test_adv] 	Adv train loss|acc:	1.74|0.4481
[INFO 2018-09-20 20:07:59,342 test_adv] 	Val loss|acc:		0.88|0.7823
[INFO 2018-09-20 20:08:14,653 test_adv] 	Adv val loss|acc:	1.76|0.4481
[INFO 2018-09-20 20:12:23,574 test_adv] STEP: 2000
[INFO 2018-09-20 20:12:23,575 test_adv] 	Elapsed time:	265s
[INFO 2018-09-20 20:12:23,575 test_adv] 	Train loss|acc:		0.39|0.9106
[INFO 2018-09-20 20:12:23,575 test_adv] 	Adv train loss|acc:	1.05|0.6432
[INFO 2018-09-20 20:12:24,488 test_adv] 	Val loss|acc:		0.72|0.8132
[INFO 2018-09-20 20:12:39,842 test_adv] 	Adv val loss|acc:	1.67|0.5113
[INFO 2018-09-20 20:16:49,351 test_adv] STEP: 3000
[INFO 2018-09-20 20:16:49,352 test_adv] 	Elapsed time:	266s
[INFO 2018-09-20 20:16:49,352 test_adv] 	Train loss|acc:		0.29|0.9367
[INFO 2018-09-20 20:16:49,352 test_adv] 	Adv train loss|acc:	0.87|0.7021
[INFO 2018-09-20 20:16:50,258 test_adv] 	Val loss|acc:		0.60|0.8544
[INFO 2018-09-20 20:17:05,612 test_adv] 	Adv val loss|acc:	1.64|0.5358
[INFO 2018-09-20 20:21:15,212 test_adv] STEP: 4000
[INFO 2018-09-20 20:21:15,212 test_adv] 	Elapsed time:	266s
[INFO 2018-09-20 20:21:15,212 test_adv] 	Train loss|acc:		0.24|0.9493
[INFO 2018-09-20 20:21:15,213 test_adv] 	Adv train loss|acc:	0.76|0.7390
[INFO 2018-09-20 20:21:16,113 test_adv] 	Val loss|acc:		0.65|0.8501
[INFO 2018-09-20 20:21:31,483 test_adv] 	Adv val loss|acc:	1.72|0.5261
[INFO 2018-09-20 20:25:40,943 test_adv] STEP: 5000
[INFO 2018-09-20 20:25:40,943 test_adv] 	Elapsed time:	266s
[INFO 2018-09-20 20:25:40,944 test_adv] 	Train loss|acc:		0.20|0.9557
[INFO 2018-09-20 20:25:40,944 test_adv] 	Adv train loss|acc:	0.68|0.7640
[INFO 2018-09-20 20:25:41,849 test_adv] 	Val loss|acc:		0.64|0.8526
[INFO 2018-09-20 20:25:57,204 test_adv] 	Adv val loss|acc:	1.78|0.5315
[INFO 2018-09-20 20:30:06,697 test_adv] STEP: 6000
[INFO 2018-09-20 20:30:06,697 test_adv] 	Elapsed time:	266s
[INFO 2018-09-20 20:30:06,698 test_adv] 	Train loss|acc:		0.18|0.9615
[INFO 2018-09-20 20:30:06,698 test_adv] 	Adv train loss|acc:	0.63|0.7842
[INFO 2018-09-20 20:30:07,596 test_adv] 	Val loss|acc:		0.64|0.8528
[INFO 2018-09-20 20:30:22,960 test_adv] 	Adv val loss|acc:	1.89|0.5413
[INFO 2018-09-20 20:34:32,530 test_adv] STEP: 7000
[INFO 2018-09-20 20:34:32,530 test_adv] 	Elapsed time:	266s
[INFO 2018-09-20 20:34:32,530 test_adv] 	Train loss|acc:		0.17|0.9633
[INFO 2018-09-20 20:34:32,531 test_adv] 	Adv train loss|acc:	0.58|0.7991
[INFO 2018-09-20 20:34:33,441 test_adv] 	Val loss|acc:		0.60|0.8601
[INFO 2018-09-20 20:34:48,809 test_adv] 	Adv val loss|acc:	1.89|0.5492
[INFO 2018-09-20 20:38:58,356 test_adv] STEP: 8000
[INFO 2018-09-20 20:38:58,357 test_adv] 	Elapsed time:	266s
[INFO 2018-09-20 20:38:58,357 test_adv] 	Train loss|acc:		0.15|0.9658
[INFO 2018-09-20 20:38:58,357 test_adv] 	Adv train loss|acc:	0.55|0.8096
[INFO 2018-09-20 20:38:59,258 test_adv] 	Val loss|acc:		0.73|0.8494
[INFO 2018-09-20 20:39:14,647 test_adv] 	Adv val loss|acc:	2.04|0.5390
[INFO 2018-09-20 20:43:24,147 test_adv] STEP: 9000
[INFO 2018-09-20 20:43:24,148 test_adv] 	Elapsed time:	266s
[INFO 2018-09-20 20:43:24,148 test_adv] 	Train loss|acc:		0.14|0.9683
[INFO 2018-09-20 20:43:24,148 test_adv] 	Adv train loss|acc:	0.51|0.8212
[INFO 2018-09-20 20:43:25,041 test_adv] 	Val loss|acc:		0.66|0.8619
[INFO 2018-09-20 20:43:40,390 test_adv] 	Adv val loss|acc:	2.11|0.5417
[INFO 2018-09-20 20:47:49,813 test_adv] STEP: 10000
[INFO 2018-09-20 20:47:49,813 test_adv] 	Elapsed time:	266s
[INFO 2018-09-20 20:47:49,814 test_adv] 	Train loss|acc:		0.13|0.9704
[INFO 2018-09-20 20:47:49,814 test_adv] 	Adv train loss|acc:	0.49|0.8299
[INFO 2018-09-20 20:47:50,722 test_adv] 	Val loss|acc:		0.66|0.8478
[INFO 2018-09-20 20:48:06,104 test_adv] 	Adv val loss|acc:	2.05|0.5571
[INFO 2018-09-20 20:52:15,498 test_adv] STEP: 11000
[INFO 2018-09-20 20:52:15,498 test_adv] 	Elapsed time:	266s
[INFO 2018-09-20 20:52:15,499 test_adv] 	Train loss|acc:		0.13|0.9715
[INFO 2018-09-20 20:52:15,499 test_adv] 	Adv train loss|acc:	0.47|0.8353
[INFO 2018-09-20 20:52:16,399 test_adv] 	Val loss|acc:		0.73|0.8546
[INFO 2018-09-20 20:52:31,728 test_adv] 	Adv val loss|acc:	2.24|0.5571
[INFO 2018-09-20 20:56:41,059 test_adv] STEP: 12000
[INFO 2018-09-20 20:56:41,059 test_adv] 	Elapsed time:	266s
[INFO 2018-09-20 20:56:41,060 test_adv] 	Train loss|acc:		0.12|0.9729
[INFO 2018-09-20 20:56:41,060 test_adv] 	Adv train loss|acc:	0.44|0.8430
[INFO 2018-09-20 20:56:41,959 test_adv] 	Val loss|acc:		0.71|0.8578
[INFO 2018-09-20 20:56:57,336 test_adv] 	Adv val loss|acc:	2.29|0.5451
[INFO 2018-09-20 21:01:06,866 test_adv] STEP: 13000
[INFO 2018-09-20 21:01:06,866 test_adv] 	Elapsed time:	266s
[INFO 2018-09-20 21:01:06,866 test_adv] 	Train loss|acc:		0.11|0.9741
[INFO 2018-09-20 21:01:06,866 test_adv] 	Adv train loss|acc:	0.43|0.8493
[INFO 2018-09-20 21:01:07,759 test_adv] 	Val loss|acc:		0.78|0.8549
[INFO 2018-09-20 21:01:23,126 test_adv] 	Adv val loss|acc:	2.32|0.5556
[INFO 2018-09-20 21:05:32,703 test_adv] STEP: 14000
[INFO 2018-09-20 21:05:32,704 test_adv] 	Elapsed time:	266s
[INFO 2018-09-20 21:05:32,704 test_adv] 	Train loss|acc:		0.11|0.9743
[INFO 2018-09-20 21:05:32,704 test_adv] 	Adv train loss|acc:	0.41|0.8529
[INFO 2018-09-20 21:05:33,614 test_adv] 	Val loss|acc:		0.82|0.8442
[INFO 2018-09-20 21:05:48,950 test_adv] 	Adv val loss|acc:	2.51|0.5456
[INFO 2018-09-20 21:09:58,394 test_adv] STEP: 15000
[INFO 2018-09-20 21:09:58,394 test_adv] 	Elapsed time:	266s
[INFO 2018-09-20 21:09:58,394 test_adv] 	Train loss|acc:		0.11|0.9760
[INFO 2018-09-20 21:09:58,395 test_adv] 	Adv train loss|acc:	0.40|0.8587
[INFO 2018-09-20 21:09:59,301 test_adv] 	Val loss|acc:		0.81|0.8501
[INFO 2018-09-20 21:10:14,658 test_adv] 	Adv val loss|acc:	2.58|0.5438
[INFO 2018-09-20 21:14:24,007 test_adv] STEP: 16000
[INFO 2018-09-20 21:14:24,008 test_adv] 	Elapsed time:	266s
[INFO 2018-09-20 21:14:24,008 test_adv] 	Train loss|acc:		0.10|0.9761
[INFO 2018-09-20 21:14:24,008 test_adv] 	Adv train loss|acc:	0.38|0.8643
[INFO 2018-09-20 21:14:24,910 test_adv] 	Val loss|acc:		0.81|0.8499
[INFO 2018-09-20 21:14:40,262 test_adv] 	Adv val loss|acc:	2.57|0.5463
[INFO 2018-09-20 21:18:49,688 test_adv] STEP: 17000
[INFO 2018-09-20 21:18:49,688 test_adv] 	Elapsed time:	266s
[INFO 2018-09-20 21:18:49,688 test_adv] 	Train loss|acc:		0.10|0.9765
[INFO 2018-09-20 21:18:49,688 test_adv] 	Adv train loss|acc:	0.37|0.8673
[INFO 2018-09-20 21:18:50,597 test_adv] 	Val loss|acc:		0.95|0.8515
[INFO 2018-09-20 21:19:05,954 test_adv] 	Adv val loss|acc:	2.81|0.5338
