[INFO 2018-09-11 21:57:18,570 test_adv] STEP: 0
[INFO 2018-09-11 21:57:18,570 test_adv] 	Elapsed time:	4s
[INFO 2018-09-11 21:57:18,570 test_adv] 	Train loss|acc:	0.19|0.0040
[INFO 2018-09-11 21:57:18,571 test_adv] 	Adv train loss|acc:	0.19|0.0030
[INFO 2018-09-11 21:57:21,250 test_adv] 	Val loss|acc:	3.76|0.0141
[INFO 2018-09-11 22:00:48,982 test_adv] 	Adv val loss|acc:	3.75|0.0812
[INFO 2018-09-11 22:25:38,603 test_adv] STEP: 1000
[INFO 2018-09-11 22:25:38,604 test_adv] 	Elapsed time:	1700s
[INFO 2018-09-11 22:25:38,604 test_adv] 	Train loss|acc:	168.66|6.4690
[INFO 2018-09-11 22:25:38,604 test_adv] 	Adv train loss|acc:	163.77|6.4640
[INFO 2018-09-11 22:25:40,815 test_adv] 	Val loss|acc:	3.42|0.1653
[INFO 2018-09-11 22:28:57,654 test_adv] 	Adv val loss|acc:	3.19|0.1905
[INFO 2018-09-11 22:52:22,210 test_adv] STEP: 2000
[INFO 2018-09-11 22:52:22,210 test_adv] 	Elapsed time:	1604s
[INFO 2018-09-11 22:52:22,210 test_adv] 	Train loss|acc:	158.46|10.2850
[INFO 2018-09-11 22:52:22,210 test_adv] 	Adv train loss|acc:	123.28|16.2230
[INFO 2018-09-11 22:52:24,391 test_adv] 	Val loss|acc:	3.32|0.1780
[INFO 2018-09-11 22:55:40,644 test_adv] 	Adv val loss|acc:	2.70|0.2721
[INFO 2018-09-11 23:19:02,719 test_adv] STEP: 3000
[INFO 2018-09-11 23:19:02,719 test_adv] 	Elapsed time:	1601s
[INFO 2018-09-11 23:19:02,719 test_adv] 	Train loss|acc:	152.55|12.1790
[INFO 2018-09-11 23:19:02,719 test_adv] 	Adv train loss|acc:	112.22|19.2760
[INFO 2018-09-11 23:19:04,895 test_adv] 	Val loss|acc:	3.31|0.2186
[INFO 2018-09-11 23:22:20,859 test_adv] 	Adv val loss|acc:	2.57|0.3177
[INFO 2018-09-11 23:45:41,952 test_adv] STEP: 4000
[INFO 2018-09-11 23:45:41,952 test_adv] 	Elapsed time:	1599s
[INFO 2018-09-11 23:45:41,953 test_adv] 	Train loss|acc:	147.59|13.0220
[INFO 2018-09-11 23:45:41,953 test_adv] 	Adv train loss|acc:	106.86|20.9530
[INFO 2018-09-11 23:45:44,141 test_adv] 	Val loss|acc:	3.36|0.2145
[INFO 2018-09-11 23:49:00,021 test_adv] 	Adv val loss|acc:	2.54|0.3336
[INFO 2018-09-12 00:12:20,619 test_adv] STEP: 5000
[INFO 2018-09-12 00:12:20,619 test_adv] 	Elapsed time:	1599s
[INFO 2018-09-12 00:12:20,619 test_adv] 	Train loss|acc:	141.51|14.0120
[INFO 2018-09-12 00:12:20,619 test_adv] 	Adv train loss|acc:	105.02|21.2630
[INFO 2018-09-12 00:12:22,800 test_adv] 	Val loss|acc:	3.05|0.2469
[INFO 2018-09-12 00:15:38,679 test_adv] 	Adv val loss|acc:	2.74|0.3045
[INFO 2018-09-12 00:39:00,058 test_adv] STEP: 6000
[INFO 2018-09-12 00:39:00,058 test_adv] 	Elapsed time:	1599s
[INFO 2018-09-12 00:39:00,058 test_adv] 	Train loss|acc:	139.52|14.6880
[INFO 2018-09-12 00:39:00,058 test_adv] 	Adv train loss|acc:	103.62|21.7510
[INFO 2018-09-12 00:39:02,248 test_adv] 	Val loss|acc:	3.14|0.2551
[INFO 2018-09-12 00:42:18,045 test_adv] 	Adv val loss|acc:	2.77|0.2991
[INFO 2018-09-12 01:05:39,055 test_adv] STEP: 7000
[INFO 2018-09-12 01:05:39,055 test_adv] 	Elapsed time:	1599s
[INFO 2018-09-12 01:05:39,055 test_adv] 	Train loss|acc:	139.08|15.2720
[INFO 2018-09-12 01:05:39,055 test_adv] 	Adv train loss|acc:	101.31|22.4040
[INFO 2018-09-12 01:05:41,240 test_adv] 	Val loss|acc:	3.17|0.2533
[INFO 2018-09-12 01:08:57,305 test_adv] 	Adv val loss|acc:	2.53|0.3306
[INFO 2018-09-12 01:32:19,232 test_adv] STEP: 8000
[INFO 2018-09-12 01:32:19,232 test_adv] 	Elapsed time:	1600s
[INFO 2018-09-12 01:32:19,233 test_adv] 	Train loss|acc:	137.00|15.4050
[INFO 2018-09-12 01:32:19,233 test_adv] 	Adv train loss|acc:	98.98|23.0170
[INFO 2018-09-12 01:32:21,417 test_adv] 	Val loss|acc:	3.11|0.2624
[INFO 2018-09-12 01:35:37,576 test_adv] 	Adv val loss|acc:	2.58|0.3347
[INFO 2018-09-12 01:58:59,133 test_adv] STEP: 9000
[INFO 2018-09-12 01:58:59,133 test_adv] 	Elapsed time:	1600s
[INFO 2018-09-12 01:58:59,133 test_adv] 	Train loss|acc:	135.37|15.8670
[INFO 2018-09-12 01:58:59,133 test_adv] 	Adv train loss|acc:	97.09|23.5530
[INFO 2018-09-12 01:59:01,320 test_adv] 	Val loss|acc:	2.96|0.2798
[INFO 2018-09-12 02:02:17,542 test_adv] 	Adv val loss|acc:	2.75|0.3129
[INFO 2018-09-12 02:25:38,255 test_adv] STEP: 10000
[INFO 2018-09-12 02:25:38,255 test_adv] 	Elapsed time:	1599s
[INFO 2018-09-12 02:25:38,255 test_adv] 	Train loss|acc:	131.18|16.2310
[INFO 2018-09-12 02:25:38,255 test_adv] 	Adv train loss|acc:	97.56|23.3970
[INFO 2018-09-12 02:25:40,433 test_adv] 	Val loss|acc:	3.01|0.2887
[INFO 2018-09-12 02:28:56,335 test_adv] 	Adv val loss|acc:	2.72|0.3059
[INFO 2018-09-12 02:52:16,576 test_adv] STEP: 11000
[INFO 2018-09-12 02:52:16,577 test_adv] 	Elapsed time:	1598s
[INFO 2018-09-12 02:52:16,577 test_adv] 	Train loss|acc:	132.26|16.3270
[INFO 2018-09-12 02:52:16,577 test_adv] 	Adv train loss|acc:	95.17|23.8890
[INFO 2018-09-12 02:52:18,760 test_adv] 	Val loss|acc:	2.98|0.3091
[INFO 2018-09-12 02:55:34,560 test_adv] 	Adv val loss|acc:	2.84|0.2995
[INFO 2018-09-12 03:18:54,310 test_adv] STEP: 12000
[INFO 2018-09-12 03:18:54,310 test_adv] 	Elapsed time:	1598s
[INFO 2018-09-12 03:18:54,310 test_adv] 	Train loss|acc:	131.42|16.7400
[INFO 2018-09-12 03:18:54,310 test_adv] 	Adv train loss|acc:	93.90|24.2450
[INFO 2018-09-12 03:18:56,490 test_adv] 	Val loss|acc:	3.14|0.2689
[INFO 2018-09-12 03:22:12,302 test_adv] 	Adv val loss|acc:	2.51|0.3497
[INFO 2018-09-12 03:45:30,812 test_adv] STEP: 13000
[INFO 2018-09-12 03:45:30,812 test_adv] 	Elapsed time:	1597s
[INFO 2018-09-12 03:45:30,812 test_adv] 	Train loss|acc:	130.90|17.1140
[INFO 2018-09-12 03:45:30,812 test_adv] 	Adv train loss|acc:	92.71|24.5490
[INFO 2018-09-12 03:45:32,989 test_adv] 	Val loss|acc:	3.06|0.2762
[INFO 2018-09-12 03:48:48,450 test_adv] 	Adv val loss|acc:	2.54|0.3220
[INFO 2018-09-12 04:12:07,001 test_adv] STEP: 14000
[INFO 2018-09-12 04:12:07,001 test_adv] 	Elapsed time:	1596s
[INFO 2018-09-12 04:12:07,002 test_adv] 	Train loss|acc:	133.80|17.1520
[INFO 2018-09-12 04:12:07,002 test_adv] 	Adv train loss|acc:	90.75|24.9880
[INFO 2018-09-12 04:12:09,179 test_adv] 	Val loss|acc:	3.08|0.3025
[INFO 2018-09-12 04:15:24,586 test_adv] 	Adv val loss|acc:	2.63|0.3336
[INFO 2018-09-12 04:38:42,911 test_adv] STEP: 15000
[INFO 2018-09-12 04:38:42,911 test_adv] 	Elapsed time:	1596s
[INFO 2018-09-12 04:38:42,911 test_adv] 	Train loss|acc:	129.71|17.5420
[INFO 2018-09-12 04:38:42,912 test_adv] 	Adv train loss|acc:	91.25|24.9870
[INFO 2018-09-12 04:38:45,095 test_adv] 	Val loss|acc:	2.91|0.3068
[INFO 2018-09-12 04:42:00,547 test_adv] 	Adv val loss|acc:	2.82|0.2973
[INFO 2018-09-12 05:05:18,196 test_adv] STEP: 16000
[INFO 2018-09-12 05:05:18,197 test_adv] 	Elapsed time:	1595s
[INFO 2018-09-12 05:05:18,197 test_adv] 	Train loss|acc:	130.44|17.6100
[INFO 2018-09-12 05:05:18,197 test_adv] 	Adv train loss|acc:	90.19|25.1340
[INFO 2018-09-12 05:05:20,369 test_adv] 	Val loss|acc:	2.98|0.3057
[INFO 2018-09-12 05:08:35,852 test_adv] 	Adv val loss|acc:	2.62|0.3222
[INFO 2018-09-12 05:31:53,555 test_adv] STEP: 17000
[INFO 2018-09-12 05:31:53,555 test_adv] 	Elapsed time:	1595s
[INFO 2018-09-12 05:31:53,555 test_adv] 	Train loss|acc:	129.23|17.8490
[INFO 2018-09-12 05:31:53,556 test_adv] 	Adv train loss|acc:	89.67|25.1410
[INFO 2018-09-12 05:31:55,734 test_adv] 	Val loss|acc:	3.11|0.2952
[INFO 2018-09-12 05:35:11,349 test_adv] 	Adv val loss|acc:	2.66|0.3259
[INFO 2018-09-12 05:58:29,458 test_adv] STEP: 18000
[INFO 2018-09-12 05:58:29,458 test_adv] 	Elapsed time:	1596s
[INFO 2018-09-12 05:58:29,459 test_adv] 	Train loss|acc:	128.65|17.8300
[INFO 2018-09-12 05:58:29,459 test_adv] 	Adv train loss|acc:	89.22|25.3430
[INFO 2018-09-12 05:58:31,644 test_adv] 	Val loss|acc:	2.94|0.3032
[INFO 2018-09-12 06:01:47,487 test_adv] 	Adv val loss|acc:	2.74|0.3218
[INFO 2018-09-12 06:25:09,584 test_adv] STEP: 19000
[INFO 2018-09-12 06:25:09,584 test_adv] 	Elapsed time:	1600s
[INFO 2018-09-12 06:25:09,584 test_adv] 	Train loss|acc:	129.84|18.0550
[INFO 2018-09-12 06:25:09,585 test_adv] 	Adv train loss|acc:	88.17|25.5870
[INFO 2018-09-12 06:25:11,776 test_adv] 	Val loss|acc:	3.01|0.2916
[INFO 2018-09-12 06:28:27,861 test_adv] 	Adv val loss|acc:	2.60|0.3410
[INFO 2018-09-12 06:51:50,298 test_adv] STEP: 20000
[INFO 2018-09-12 06:51:50,298 test_adv] 	Elapsed time:	1601s
[INFO 2018-09-12 06:51:50,298 test_adv] 	Train loss|acc:	127.76|18.4130
[INFO 2018-09-12 06:51:50,299 test_adv] 	Adv train loss|acc:	87.75|25.6940
[INFO 2018-09-12 06:51:52,496 test_adv] 	Val loss|acc:	2.91|0.3054
[INFO 2018-09-12 06:55:08,610 test_adv] 	Adv val loss|acc:	2.56|0.3272
[INFO 2018-09-12 07:18:31,550 test_adv] STEP: 21000
[INFO 2018-09-12 07:18:31,550 test_adv] 	Elapsed time:	1601s
[INFO 2018-09-12 07:18:31,550 test_adv] 	Train loss|acc:	132.16|18.2040
[INFO 2018-09-12 07:18:31,550 test_adv] 	Adv train loss|acc:	86.24|26.0830
[INFO 2018-09-12 07:18:33,730 test_adv] 	Val loss|acc:	3.05|0.2937
[INFO 2018-09-12 07:21:49,987 test_adv] 	Adv val loss|acc:	2.76|0.3324
[INFO 2018-09-12 07:45:11,979 test_adv] STEP: 22000
[INFO 2018-09-12 07:45:11,979 test_adv] 	Elapsed time:	1600s
[INFO 2018-09-12 07:45:11,979 test_adv] 	Train loss|acc:	132.52|18.5610
[INFO 2018-09-12 07:45:11,979 test_adv] 	Adv train loss|acc:	86.29|26.0310
[INFO 2018-09-12 07:45:14,162 test_adv] 	Val loss|acc:	2.88|0.2986
[INFO 2018-09-12 07:48:30,265 test_adv] 	Adv val loss|acc:	2.89|0.3113
[INFO 2018-09-12 08:11:51,875 test_adv] STEP: 23000
[INFO 2018-09-12 08:11:51,875 test_adv] 	Elapsed time:	1600s
[INFO 2018-09-12 08:11:51,875 test_adv] 	Train loss|acc:	124.42|18.4160
[INFO 2018-09-12 08:11:51,875 test_adv] 	Adv train loss|acc:	86.50|26.0830
[INFO 2018-09-12 08:11:54,057 test_adv] 	Val loss|acc:	3.05|0.2902
[INFO 2018-09-12 08:15:10,160 test_adv] 	Adv val loss|acc:	2.67|0.3317
[INFO 2018-09-12 08:38:32,144 test_adv] STEP: 24000
[INFO 2018-09-12 08:38:32,144 test_adv] 	Elapsed time:	1600s
[INFO 2018-09-12 08:38:32,144 test_adv] 	Train loss|acc:	124.31|18.6890
[INFO 2018-09-12 08:38:32,145 test_adv] 	Adv train loss|acc:	86.25|26.0410
[INFO 2018-09-12 08:38:34,332 test_adv] 	Val loss|acc:	2.87|0.3061
[INFO 2018-09-12 08:41:50,382 test_adv] 	Adv val loss|acc:	2.61|0.3515
[INFO 2018-09-12 09:05:11,589 test_adv] STEP: 25000
[INFO 2018-09-12 09:05:11,589 test_adv] 	Elapsed time:	1599s
[INFO 2018-09-12 09:05:11,590 test_adv] 	Train loss|acc:	125.90|18.9310
[INFO 2018-09-12 09:05:11,590 test_adv] 	Adv train loss|acc:	84.13|26.7030
[INFO 2018-09-12 09:05:13,787 test_adv] 	Val loss|acc:	2.96|0.3007
[INFO 2018-09-12 09:08:29,695 test_adv] 	Adv val loss|acc:	2.68|0.3188
[INFO 2018-09-12 09:31:50,746 test_adv] STEP: 26000
[INFO 2018-09-12 09:31:50,746 test_adv] 	Elapsed time:	1599s
[INFO 2018-09-12 09:31:50,746 test_adv] 	Train loss|acc:	126.40|18.9520
[INFO 2018-09-12 09:31:50,746 test_adv] 	Adv train loss|acc:	83.27|26.6540
[INFO 2018-09-12 09:31:52,919 test_adv] 	Val loss|acc:	2.89|0.3213
[INFO 2018-09-12 09:35:08,878 test_adv] 	Adv val loss|acc:	2.71|0.3519
[INFO 2018-09-12 09:58:30,325 test_adv] STEP: 27000
[INFO 2018-09-12 09:58:30,326 test_adv] 	Elapsed time:	1600s
[INFO 2018-09-12 09:58:30,326 test_adv] 	Train loss|acc:	128.41|18.9770
[INFO 2018-09-12 09:58:30,326 test_adv] 	Adv train loss|acc:	81.72|27.1280
[INFO 2018-09-12 09:58:32,521 test_adv] 	Val loss|acc:	3.07|0.3036
[INFO 2018-09-12 10:01:48,485 test_adv] 	Adv val loss|acc:	2.62|0.3336
[INFO 2018-09-12 10:25:09,827 test_adv] STEP: 28000
[INFO 2018-09-12 10:25:09,828 test_adv] 	Elapsed time:	1600s
[INFO 2018-09-12 10:25:09,828 test_adv] 	Train loss|acc:	134.82|18.8160
[INFO 2018-09-12 10:25:09,828 test_adv] 	Adv train loss|acc:	78.97|27.9100
[INFO 2018-09-12 10:25:12,003 test_adv] 	Val loss|acc:	3.13|0.3036
[INFO 2018-09-12 10:28:27,942 test_adv] 	Adv val loss|acc:	2.55|0.3635
[INFO 2018-09-12 10:51:48,732 test_adv] STEP: 29000
[INFO 2018-09-12 10:51:48,732 test_adv] 	Elapsed time:	1599s
[INFO 2018-09-12 10:51:48,732 test_adv] 	Train loss|acc:	134.88|18.6950
[INFO 2018-09-12 10:51:48,733 test_adv] 	Adv train loss|acc:	77.35|28.2490
[INFO 2018-09-12 10:51:50,918 test_adv] 	Val loss|acc:	3.20|0.3086
[INFO 2018-09-12 10:55:06,835 test_adv] 	Adv val loss|acc:	2.70|0.3567
[INFO 2018-09-12 11:18:28,024 test_adv] STEP: 30000
[INFO 2018-09-12 11:18:28,024 test_adv] 	Elapsed time:	1599s
[INFO 2018-09-12 11:18:28,030 test_adv] 	Train loss|acc:	135.00|18.9110
[INFO 2018-09-12 11:18:28,030 test_adv] 	Adv train loss|acc:	76.76|28.4090
[INFO 2018-09-12 11:18:30,216 test_adv] 	Val loss|acc:	3.26|0.2984
[INFO 2018-09-12 11:21:46,049 test_adv] 	Adv val loss|acc:	2.57|0.3612
[INFO 2018-09-12 11:45:07,484 test_adv] STEP: 31000
[INFO 2018-09-12 11:45:07,485 test_adv] 	Elapsed time:	1599s
[INFO 2018-09-12 11:45:07,485 test_adv] 	Train loss|acc:	139.25|18.7540
[INFO 2018-09-12 11:45:07,485 test_adv] 	Adv train loss|acc:	74.21|29.0880
[INFO 2018-09-12 11:45:09,675 test_adv] 	Val loss|acc:	3.45|0.3029
[INFO 2018-09-12 11:48:25,583 test_adv] 	Adv val loss|acc:	2.59|0.3748
[INFO 2018-09-12 12:11:46,837 test_adv] STEP: 32000
[INFO 2018-09-12 12:11:46,837 test_adv] 	Elapsed time:	1599s
[INFO 2018-09-12 12:11:46,837 test_adv] 	Train loss|acc:	138.51|18.7180
[INFO 2018-09-12 12:11:46,837 test_adv] 	Adv train loss|acc:	73.53|29.3380
[INFO 2018-09-12 12:11:49,015 test_adv] 	Val loss|acc:	3.23|0.3075
[INFO 2018-09-12 12:15:05,087 test_adv] 	Adv val loss|acc:	2.61|0.3488
[INFO 2018-09-12 12:38:25,777 test_adv] STEP: 33000
[INFO 2018-09-12 12:38:25,777 test_adv] 	Elapsed time:	1599s
[INFO 2018-09-12 12:38:25,778 test_adv] 	Train loss|acc:	140.35|18.9290
[INFO 2018-09-12 12:38:25,778 test_adv] 	Adv train loss|acc:	72.92|29.4080
[INFO 2018-09-12 12:38:27,951 test_adv] 	Val loss|acc:	3.33|0.3048
[INFO 2018-09-12 12:41:43,700 test_adv] 	Adv val loss|acc:	2.60|0.3658
[INFO 2018-09-12 13:05:04,122 test_adv] STEP: 34000
[INFO 2018-09-12 13:05:04,122 test_adv] 	Elapsed time:	1598s
[INFO 2018-09-12 13:05:04,122 test_adv] 	Train loss|acc:	140.92|19.0720
[INFO 2018-09-12 13:05:04,122 test_adv] 	Adv train loss|acc:	72.52|29.5170
[INFO 2018-09-12 13:05:06,301 test_adv] 	Val loss|acc:	3.43|0.3036
[INFO 2018-09-12 13:08:22,201 test_adv] 	Adv val loss|acc:	2.67|0.3490
[INFO 2018-09-12 13:31:42,872 test_adv] STEP: 35000
[INFO 2018-09-12 13:31:42,873 test_adv] 	Elapsed time:	1599s
[INFO 2018-09-12 13:31:42,874 test_adv] 	Train loss|acc:	143.04|19.0970
[INFO 2018-09-12 13:31:42,875 test_adv] 	Adv train loss|acc:	70.53|30.1580
[INFO 2018-09-12 13:31:45,070 test_adv] 	Val loss|acc:	3.49|0.3107
[INFO 2018-09-12 13:35:01,153 test_adv] 	Adv val loss|acc:	2.59|0.3832
[INFO 2018-09-12 13:58:22,204 test_adv] STEP: 36000
[INFO 2018-09-12 13:58:22,205 test_adv] 	Elapsed time:	1599s
[INFO 2018-09-12 13:58:22,205 test_adv] 	Train loss|acc:	148.59|18.9420
[INFO 2018-09-12 13:58:22,205 test_adv] 	Adv train loss|acc:	68.69|30.3930
[INFO 2018-09-12 13:58:24,386 test_adv] 	Val loss|acc:	3.48|0.3188
[INFO 2018-09-12 14:01:40,139 test_adv] 	Adv val loss|acc:	2.52|0.3893
[INFO 2018-09-12 14:24:57,770 test_adv] STEP: 37000
[INFO 2018-09-12 14:24:57,770 test_adv] 	Elapsed time:	1596s
[INFO 2018-09-12 14:24:57,770 test_adv] 	Train loss|acc:	148.34|18.8800
[INFO 2018-09-12 14:24:57,770 test_adv] 	Adv train loss|acc:	67.45|30.8990
[INFO 2018-09-12 14:24:59,954 test_adv] 	Val loss|acc:	3.69|0.3020
[INFO 2018-09-12 14:28:15,106 test_adv] 	Adv val loss|acc:	2.46|0.3853
[INFO 2018-09-12 14:51:31,538 test_adv] STEP: 38000
[INFO 2018-09-12 14:51:31,538 test_adv] 	Elapsed time:	1594s
[INFO 2018-09-12 14:51:31,539 test_adv] 	Train loss|acc:	152.06|18.9580
[INFO 2018-09-12 14:51:31,539 test_adv] 	Adv train loss|acc:	65.86|31.2030
[INFO 2018-09-12 14:51:33,717 test_adv] 	Val loss|acc:	3.34|0.3057
[INFO 2018-09-12 14:54:48,890 test_adv] 	Adv val loss|acc:	2.56|0.3755
[INFO 2018-09-12 15:18:05,952 test_adv] STEP: 39000
[INFO 2018-09-12 15:18:05,952 test_adv] 	Elapsed time:	1594s
[INFO 2018-09-12 15:18:05,952 test_adv] 	Train loss|acc:	151.96|19.1520
[INFO 2018-09-12 15:18:05,952 test_adv] 	Adv train loss|acc:	65.49|31.2900
[INFO 2018-09-12 15:18:08,126 test_adv] 	Val loss|acc:	3.52|0.3077
[INFO 2018-09-12 15:21:23,561 test_adv] 	Adv val loss|acc:	2.54|0.3730
[INFO 2018-09-12 15:44:41,536 test_adv] STEP: 40000
[INFO 2018-09-12 15:44:41,536 test_adv] 	Elapsed time:	1596s
[INFO 2018-09-12 15:44:41,537 test_adv] 	Train loss|acc:	152.05|19.1440
[INFO 2018-09-12 15:44:41,537 test_adv] 	Adv train loss|acc:	64.64|31.3950
[INFO 2018-09-12 15:44:43,721 test_adv] 	Val loss|acc:	3.73|0.3091
[INFO 2018-09-12 15:47:59,138 test_adv] 	Adv val loss|acc:	2.60|0.3778
[INFO 2018-09-12 16:11:17,664 test_adv] STEP: 41000
[INFO 2018-09-12 16:11:17,664 test_adv] 	Elapsed time:	1596s
[INFO 2018-09-12 16:11:17,664 test_adv] 	Train loss|acc:	158.44|18.9810
[INFO 2018-09-12 16:11:17,665 test_adv] 	Adv train loss|acc:	63.16|31.7160
[INFO 2018-09-12 16:11:19,839 test_adv] 	Val loss|acc:	3.90|0.2973
[INFO 2018-09-12 16:14:35,472 test_adv] 	Adv val loss|acc:	2.46|0.3823
[INFO 2018-09-12 16:37:54,867 test_adv] STEP: 42000
[INFO 2018-09-12 16:37:54,868 test_adv] 	Elapsed time:	1597s
[INFO 2018-09-12 16:37:54,868 test_adv] 	Train loss|acc:	163.25|18.7050
[INFO 2018-09-12 16:37:54,868 test_adv] 	Adv train loss|acc:	61.81|32.1730
[INFO 2018-09-12 16:37:57,044 test_adv] 	Val loss|acc:	4.00|0.2984
[INFO 2018-09-12 16:41:12,931 test_adv] 	Adv val loss|acc:	2.52|0.3930
[INFO 2018-09-12 17:04:33,224 test_adv] STEP: 43000
[INFO 2018-09-12 17:04:33,224 test_adv] 	Elapsed time:	1598s
[INFO 2018-09-12 17:04:33,225 test_adv] 	Train loss|acc:	163.49|18.9270
[INFO 2018-09-12 17:04:33,225 test_adv] 	Adv train loss|acc:	61.45|32.1740
[INFO 2018-09-12 17:04:35,412 test_adv] 	Val loss|acc:	4.00|0.3048
[INFO 2018-09-12 17:07:51,497 test_adv] 	Adv val loss|acc:	2.57|0.3739
[INFO 2018-09-12 17:31:12,850 test_adv] STEP: 44000
[INFO 2018-09-12 17:31:12,850 test_adv] 	Elapsed time:	1600s
[INFO 2018-09-12 17:31:12,850 test_adv] 	Train loss|acc:	161.93|18.7470
[INFO 2018-09-12 17:31:12,850 test_adv] 	Adv train loss|acc:	60.45|32.3610
[INFO 2018-09-12 17:31:15,040 test_adv] 	Val loss|acc:	4.06|0.2948
[INFO 2018-09-12 17:34:31,128 test_adv] 	Adv val loss|acc:	2.48|0.3918
[INFO 2018-09-12 17:57:51,357 test_adv] STEP: 45000
[INFO 2018-09-12 17:57:51,358 test_adv] 	Elapsed time:	1599s
[INFO 2018-09-12 17:57:51,358 test_adv] 	Train loss|acc:	167.28|18.7480
[INFO 2018-09-12 17:57:51,358 test_adv] 	Adv train loss|acc:	59.44|32.7180
[INFO 2018-09-12 17:57:53,541 test_adv] 	Val loss|acc:	4.21|0.2893
[INFO 2018-09-12 18:01:09,271 test_adv] 	Adv val loss|acc:	2.46|0.3952
[INFO 2018-09-12 18:24:28,462 test_adv] STEP: 46000
[INFO 2018-09-12 18:24:28,462 test_adv] 	Elapsed time:	1597s
[INFO 2018-09-12 18:24:28,462 test_adv] 	Train loss|acc:	167.38|18.6170
[INFO 2018-09-12 18:24:28,462 test_adv] 	Adv train loss|acc:	59.01|32.7630
[INFO 2018-09-12 18:24:30,645 test_adv] 	Val loss|acc:	3.79|0.3100
[INFO 2018-09-12 18:27:46,377 test_adv] 	Adv val loss|acc:	2.46|0.4098
[INFO 2018-09-12 18:51:06,729 test_adv] STEP: 47000
[INFO 2018-09-12 18:51:06,729 test_adv] 	Elapsed time:	1598s
[INFO 2018-09-12 18:51:06,729 test_adv] 	Train loss|acc:	167.38|18.7950
[INFO 2018-09-12 18:51:06,729 test_adv] 	Adv train loss|acc:	58.59|32.8780
[INFO 2018-09-12 18:51:08,932 test_adv] 	Val loss|acc:	4.02|0.3014
[INFO 2018-09-12 18:54:24,747 test_adv] 	Adv val loss|acc:	2.56|0.3923
[INFO 2018-09-12 19:17:46,757 test_adv] STEP: 48000
[INFO 2018-09-12 19:17:46,757 test_adv] 	Elapsed time:	1600s
[INFO 2018-09-12 19:17:46,757 test_adv] 	Train loss|acc:	167.16|18.7410
[INFO 2018-09-12 19:17:46,757 test_adv] 	Adv train loss|acc:	58.34|32.8550
[INFO 2018-09-12 19:17:48,938 test_adv] 	Val loss|acc:	4.02|0.2964
[INFO 2018-09-12 19:21:04,983 test_adv] 	Adv val loss|acc:	2.51|0.3857
[INFO 2018-09-12 19:44:27,669 test_adv] STEP: 49000
[INFO 2018-09-12 19:44:27,669 test_adv] 	Elapsed time:	1601s
[INFO 2018-09-12 19:44:27,669 test_adv] 	Train loss|acc:	173.03|18.6690
[INFO 2018-09-12 19:44:27,669 test_adv] 	Adv train loss|acc:	56.77|33.2700
[INFO 2018-09-12 19:44:29,858 test_adv] 	Val loss|acc:	4.19|0.3020
[INFO 2018-09-12 19:47:46,057 test_adv] 	Adv val loss|acc:	2.62|0.3794
[INFO 2018-09-12 20:11:08,992 test_adv] STEP: 50000
[INFO 2018-09-12 20:11:08,992 test_adv] 	Elapsed time:	1601s
[INFO 2018-09-12 20:11:08,992 test_adv] 	Train loss|acc:	173.99|18.7170
[INFO 2018-09-12 20:11:08,992 test_adv] 	Adv train loss|acc:	57.14|33.2200
[INFO 2018-09-12 20:11:11,185 test_adv] 	Val loss|acc:	4.03|0.3014
[INFO 2018-09-12 20:14:27,384 test_adv] 	Adv val loss|acc:	2.44|0.3803
