[INFO 2018-09-12 23:48:16,414 test_adv] STEP: 0
[INFO 2018-09-12 23:48:16,414 test_adv] 	Elapsed time:	2s
[INFO 2018-09-12 23:48:16,414 test_adv] 	Train loss|acc:		0.00|0.0001
[INFO 2018-09-12 23:48:16,414 test_adv] 	Adv train loss|acc:	0.00|0.0000
[INFO 2018-09-12 23:48:18,890 test_adv] 	Val loss|acc:		3.76|0.0234
[INFO 2018-09-12 23:48:59,160 test_adv] 	Adv val loss|acc:	3.76|0.0719
[INFO 2018-09-12 23:59:56,281 test_adv] STEP: 1000
[INFO 2018-09-12 23:59:56,281 test_adv] 	Elapsed time:	700s
[INFO 2018-09-12 23:59:56,281 test_adv] 	Train loss|acc:		1.35|0.6362
[INFO 2018-09-12 23:59:56,281 test_adv] 	Adv train loss|acc:	1.91|0.4244
[INFO 2018-09-12 23:59:58,538 test_adv] 	Val loss|acc:		0.90|0.7621
[INFO 2018-09-13 00:00:39,313 test_adv] 	Adv val loss|acc:	1.77|0.4610
[INFO 2018-09-13 00:11:20,056 test_adv] STEP: 2000
[INFO 2018-09-13 00:11:20,056 test_adv] 	Elapsed time:	684s
[INFO 2018-09-13 00:11:20,056 test_adv] 	Train loss|acc:		0.36|0.9167
[INFO 2018-09-13 00:11:20,056 test_adv] 	Adv train loss|acc:	0.99|0.6697
[INFO 2018-09-13 00:11:22,248 test_adv] 	Val loss|acc:		0.65|0.8306
[INFO 2018-09-13 00:12:00,128 test_adv] 	Adv val loss|acc:	1.76|0.4737
[INFO 2018-09-13 00:22:16,415 test_adv] STEP: 3000
[INFO 2018-09-13 00:22:16,415 test_adv] 	Elapsed time:	656s
[INFO 2018-09-13 00:22:16,416 test_adv] 	Train loss|acc:		0.24|0.9450
[INFO 2018-09-13 00:22:16,416 test_adv] 	Adv train loss|acc:	0.75|0.7461
[INFO 2018-09-13 00:22:18,609 test_adv] 	Val loss|acc:		0.57|0.8510
[INFO 2018-09-13 00:22:56,607 test_adv] 	Adv val loss|acc:	1.81|0.5107
[INFO 2018-09-13 00:33:13,231 test_adv] STEP: 4000
[INFO 2018-09-13 00:33:13,231 test_adv] 	Elapsed time:	657s
[INFO 2018-09-13 00:33:13,231 test_adv] 	Train loss|acc:		0.19|0.9574
[INFO 2018-09-13 00:33:13,231 test_adv] 	Adv train loss|acc:	0.63|0.7853
[INFO 2018-09-13 00:33:15,425 test_adv] 	Val loss|acc:		0.57|0.8662
[INFO 2018-09-13 00:33:53,415 test_adv] 	Adv val loss|acc:	1.89|0.5240
[INFO 2018-09-13 00:44:10,071 test_adv] STEP: 5000
[INFO 2018-09-13 00:44:10,071 test_adv] 	Elapsed time:	657s
[INFO 2018-09-13 00:44:10,071 test_adv] 	Train loss|acc:		0.16|0.9640
[INFO 2018-09-13 00:44:10,071 test_adv] 	Adv train loss|acc:	0.55|0.8098
[INFO 2018-09-13 00:44:12,280 test_adv] 	Val loss|acc:		0.64|0.8483
[INFO 2018-09-13 00:44:50,270 test_adv] 	Adv val loss|acc:	1.81|0.5580
[INFO 2018-09-13 00:55:06,925 test_adv] STEP: 6000
[INFO 2018-09-13 00:55:06,925 test_adv] 	Elapsed time:	657s
[INFO 2018-09-13 00:55:06,926 test_adv] 	Train loss|acc:		0.14|0.9685
[INFO 2018-09-13 00:55:06,926 test_adv] 	Adv train loss|acc:	0.49|0.8326
[INFO 2018-09-13 00:55:09,125 test_adv] 	Val loss|acc:		0.62|0.8531
[INFO 2018-09-13 00:55:46,957 test_adv] 	Adv val loss|acc:	2.01|0.5444
[INFO 2018-09-13 01:06:03,688 test_adv] STEP: 7000
[INFO 2018-09-13 01:06:03,688 test_adv] 	Elapsed time:	657s
[INFO 2018-09-13 01:06:03,688 test_adv] 	Train loss|acc:		0.12|0.9726
[INFO 2018-09-13 01:06:03,689 test_adv] 	Adv train loss|acc:	0.45|0.8437
[INFO 2018-09-13 01:06:05,902 test_adv] 	Val loss|acc:		0.69|0.8522
[INFO 2018-09-13 01:06:43,913 test_adv] 	Adv val loss|acc:	2.07|0.5621
[INFO 2018-09-13 01:17:00,508 test_adv] STEP: 8000
[INFO 2018-09-13 01:17:00,508 test_adv] 	Elapsed time:	657s
[INFO 2018-09-13 01:17:00,508 test_adv] 	Train loss|acc:		0.11|0.9738
[INFO 2018-09-13 01:17:00,508 test_adv] 	Adv train loss|acc:	0.41|0.8575
[INFO 2018-09-13 01:17:02,721 test_adv] 	Val loss|acc:		0.65|0.8619
[INFO 2018-09-13 01:17:40,713 test_adv] 	Adv val loss|acc:	2.30|0.5460
[INFO 2018-09-13 01:27:57,088 test_adv] STEP: 9000
[INFO 2018-09-13 01:27:57,088 test_adv] 	Elapsed time:	657s
[INFO 2018-09-13 01:27:57,089 test_adv] 	Train loss|acc:		0.11|0.9760
[INFO 2018-09-13 01:27:57,089 test_adv] 	Adv train loss|acc:	0.39|0.8629
[INFO 2018-09-13 01:27:59,285 test_adv] 	Val loss|acc:		0.69|0.8635
[INFO 2018-09-13 01:28:37,286 test_adv] 	Adv val loss|acc:	2.35|0.5395
[INFO 2018-09-13 01:38:53,594 test_adv] STEP: 10000
[INFO 2018-09-13 01:38:53,595 test_adv] 	Elapsed time:	657s
[INFO 2018-09-13 01:38:53,595 test_adv] 	Train loss|acc:		0.10|0.9762
[INFO 2018-09-13 01:38:53,595 test_adv] 	Adv train loss|acc:	0.37|0.8704
[INFO 2018-09-13 01:38:55,802 test_adv] 	Val loss|acc:		0.79|0.8358
[INFO 2018-09-13 01:39:33,733 test_adv] 	Adv val loss|acc:	2.51|0.5673
[INFO 2018-09-13 01:49:50,078 test_adv] STEP: 11000
[INFO 2018-09-13 01:49:50,078 test_adv] 	Elapsed time:	656s
[INFO 2018-09-13 01:49:50,084 test_adv] 	Train loss|acc:		0.10|0.9764
[INFO 2018-09-13 01:49:50,084 test_adv] 	Adv train loss|acc:	0.34|0.8803
[INFO 2018-09-13 01:49:52,285 test_adv] 	Val loss|acc:		0.77|0.8379
[INFO 2018-09-13 01:50:30,262 test_adv] 	Adv val loss|acc:	2.36|0.5621
[INFO 2018-09-13 02:00:46,567 test_adv] STEP: 12000
[INFO 2018-09-13 02:00:46,567 test_adv] 	Elapsed time:	656s
[INFO 2018-09-13 02:00:46,567 test_adv] 	Train loss|acc:		0.09|0.9780
[INFO 2018-09-13 02:00:46,568 test_adv] 	Adv train loss|acc:	0.33|0.8838
[INFO 2018-09-13 02:00:48,769 test_adv] 	Val loss|acc:		0.65|0.8719
[INFO 2018-09-13 02:01:26,647 test_adv] 	Adv val loss|acc:	2.41|0.5481
[INFO 2018-09-13 02:11:43,190 test_adv] STEP: 13000
[INFO 2018-09-13 02:11:43,191 test_adv] 	Elapsed time:	657s
[INFO 2018-09-13 02:11:43,191 test_adv] 	Train loss|acc:		0.09|0.9793
[INFO 2018-09-13 02:11:43,191 test_adv] 	Adv train loss|acc:	0.31|0.8926
[INFO 2018-09-13 02:11:45,403 test_adv] 	Val loss|acc:		0.77|0.8596
[INFO 2018-09-13 02:12:23,325 test_adv] 	Adv val loss|acc:	2.73|0.5556
[INFO 2018-09-13 02:22:39,621 test_adv] STEP: 14000
[INFO 2018-09-13 02:22:39,621 test_adv] 	Elapsed time:	656s
[INFO 2018-09-13 02:22:39,622 test_adv] 	Train loss|acc:		0.09|0.9788
[INFO 2018-09-13 02:22:39,622 test_adv] 	Adv train loss|acc:	0.30|0.8959
[INFO 2018-09-13 02:22:41,809 test_adv] 	Val loss|acc:		0.79|0.8574
[INFO 2018-09-13 02:23:19,724 test_adv] 	Adv val loss|acc:	2.49|0.5578
[INFO 2018-09-13 02:33:35,973 test_adv] STEP: 15000
[INFO 2018-09-13 02:33:35,973 test_adv] 	Elapsed time:	656s
[INFO 2018-09-13 02:33:35,973 test_adv] 	Train loss|acc:		0.08|0.9796
[INFO 2018-09-13 02:33:35,974 test_adv] 	Adv train loss|acc:	0.28|0.9007
[INFO 2018-09-13 02:33:38,182 test_adv] 	Val loss|acc:		0.88|0.8472
[INFO 2018-09-13 02:34:16,069 test_adv] 	Adv val loss|acc:	2.78|0.5741
[INFO 2018-09-13 02:44:32,094 test_adv] STEP: 16000
[INFO 2018-09-13 02:44:32,095 test_adv] 	Elapsed time:	656s
[INFO 2018-09-13 02:44:32,095 test_adv] 	Train loss|acc:		0.08|0.9801
[INFO 2018-09-13 02:44:32,095 test_adv] 	Adv train loss|acc:	0.27|0.9038
[INFO 2018-09-13 02:44:34,300 test_adv] 	Val loss|acc:		0.77|0.8608
[INFO 2018-09-13 02:45:12,334 test_adv] 	Adv val loss|acc:	2.68|0.5701
[INFO 2018-09-13 02:55:28,644 test_adv] STEP: 17000
[INFO 2018-09-13 02:55:28,645 test_adv] 	Elapsed time:	657s
[INFO 2018-09-13 02:55:28,645 test_adv] 	Train loss|acc:		0.08|0.9812
[INFO 2018-09-13 02:55:28,645 test_adv] 	Adv train loss|acc:	0.26|0.9083
[INFO 2018-09-13 02:55:30,820 test_adv] 	Val loss|acc:		0.88|0.8565
[INFO 2018-09-13 02:56:08,808 test_adv] 	Adv val loss|acc:	3.15|0.5438
[INFO 2018-09-13 03:06:24,643 test_adv] STEP: 18000
[INFO 2018-09-13 03:06:24,643 test_adv] 	Elapsed time:	656s
[INFO 2018-09-13 03:06:24,643 test_adv] 	Train loss|acc:		0.08|0.9820
[INFO 2018-09-13 03:06:24,643 test_adv] 	Adv train loss|acc:	0.26|0.9082
[INFO 2018-09-13 03:06:26,818 test_adv] 	Val loss|acc:		0.75|0.8649
[INFO 2018-09-13 03:07:04,826 test_adv] 	Adv val loss|acc:	2.79|0.5413
[INFO 2018-09-13 03:17:21,168 test_adv] STEP: 19000
[INFO 2018-09-13 03:17:21,169 test_adv] 	Elapsed time:	657s
[INFO 2018-09-13 03:17:21,169 test_adv] 	Train loss|acc:		0.08|0.9815
[INFO 2018-09-13 03:17:21,169 test_adv] 	Adv train loss|acc:	0.25|0.9128
[INFO 2018-09-13 03:17:23,351 test_adv] 	Val loss|acc:		0.77|0.8639
[INFO 2018-09-13 03:18:01,301 test_adv] 	Adv val loss|acc:	3.07|0.5420
[INFO 2018-09-13 03:28:17,227 test_adv] STEP: 20000
[INFO 2018-09-13 03:28:17,227 test_adv] 	Elapsed time:	656s
[INFO 2018-09-13 03:28:17,227 test_adv] 	Train loss|acc:		0.07|0.9822
[INFO 2018-09-13 03:28:17,228 test_adv] 	Adv train loss|acc:	0.24|0.9136
[INFO 2018-09-13 03:28:19,416 test_adv] 	Val loss|acc:		0.91|0.8569
[INFO 2018-09-13 03:28:57,238 test_adv] 	Adv val loss|acc:	3.34|0.5372
[INFO 2018-09-13 03:39:13,363 test_adv] STEP: 21000
[INFO 2018-09-13 03:39:13,364 test_adv] 	Elapsed time:	656s
[INFO 2018-09-13 03:39:13,364 test_adv] 	Train loss|acc:		0.07|0.9826
[INFO 2018-09-13 03:39:13,364 test_adv] 	Adv train loss|acc:	0.23|0.9163
[INFO 2018-09-13 03:39:15,549 test_adv] 	Val loss|acc:		0.92|0.8603
[INFO 2018-09-13 03:39:53,492 test_adv] 	Adv val loss|acc:	3.16|0.5637
[INFO 2018-09-13 03:50:09,393 test_adv] STEP: 22000
[INFO 2018-09-13 03:50:09,393 test_adv] 	Elapsed time:	656s
[INFO 2018-09-13 03:50:09,393 test_adv] 	Train loss|acc:		0.07|0.9833
[INFO 2018-09-13 03:50:09,393 test_adv] 	Adv train loss|acc:	0.22|0.9193
[INFO 2018-09-13 03:50:11,590 test_adv] 	Val loss|acc:		0.93|0.8603
[INFO 2018-09-13 03:50:49,415 test_adv] 	Adv val loss|acc:	3.23|0.5689
[INFO 2018-09-13 04:01:05,515 test_adv] STEP: 23000
[INFO 2018-09-13 04:01:05,515 test_adv] 	Elapsed time:	656s
[INFO 2018-09-13 04:01:05,516 test_adv] 	Train loss|acc:		0.07|0.9828
[INFO 2018-09-13 04:01:05,516 test_adv] 	Adv train loss|acc:	0.22|0.9231
[INFO 2018-09-13 04:01:07,705 test_adv] 	Val loss|acc:		0.86|0.8501
[INFO 2018-09-13 04:01:45,607 test_adv] 	Adv val loss|acc:	3.09|0.5678
[INFO 2018-09-13 04:12:01,424 test_adv] STEP: 24000
[INFO 2018-09-13 04:12:01,424 test_adv] 	Elapsed time:	656s
[INFO 2018-09-13 04:12:01,424 test_adv] 	Train loss|acc:		0.07|0.9826
[INFO 2018-09-13 04:12:01,424 test_adv] 	Adv train loss|acc:	0.22|0.9201
[INFO 2018-09-13 04:12:03,619 test_adv] 	Val loss|acc:		0.96|0.8553
[INFO 2018-09-13 04:12:41,480 test_adv] 	Adv val loss|acc:	3.31|0.5689
[INFO 2018-09-13 04:22:57,327 test_adv] STEP: 25000
[INFO 2018-09-13 04:22:57,327 test_adv] 	Elapsed time:	656s
[INFO 2018-09-13 04:22:57,327 test_adv] 	Train loss|acc:		0.07|0.9839
[INFO 2018-09-13 04:22:57,327 test_adv] 	Adv train loss|acc:	0.21|0.9262
[INFO 2018-09-13 04:22:59,533 test_adv] 	Val loss|acc:		0.90|0.8540
[INFO 2018-09-13 04:23:37,434 test_adv] 	Adv val loss|acc:	3.31|0.5712
[INFO 2018-09-13 04:33:53,094 test_adv] STEP: 26000
[INFO 2018-09-13 04:33:53,094 test_adv] 	Elapsed time:	656s
[INFO 2018-09-13 04:33:53,094 test_adv] 	Train loss|acc:		0.07|0.9838
[INFO 2018-09-13 04:33:53,094 test_adv] 	Adv train loss|acc:	0.21|0.9237
[INFO 2018-09-13 04:33:55,297 test_adv] 	Val loss|acc:		0.93|0.8524
[INFO 2018-09-13 04:34:33,272 test_adv] 	Adv val loss|acc:	3.34|0.5596
[INFO 2018-09-13 04:44:48,868 test_adv] STEP: 27000
[INFO 2018-09-13 04:44:48,868 test_adv] 	Elapsed time:	656s
[INFO 2018-09-13 04:44:48,868 test_adv] 	Train loss|acc:		0.07|0.9844
[INFO 2018-09-13 04:44:48,869 test_adv] 	Adv train loss|acc:	0.20|0.9292
[INFO 2018-09-13 04:44:51,068 test_adv] 	Val loss|acc:		1.06|0.8510
[INFO 2018-09-13 04:45:28,945 test_adv] 	Adv val loss|acc:	3.61|0.5832
[INFO 2018-09-13 04:55:44,454 test_adv] STEP: 28000
[INFO 2018-09-13 04:55:44,455 test_adv] 	Elapsed time:	656s
[INFO 2018-09-13 04:55:44,455 test_adv] 	Train loss|acc:		0.07|0.9850
[INFO 2018-09-13 04:55:44,455 test_adv] 	Adv train loss|acc:	0.20|0.9269
[INFO 2018-09-13 04:55:46,638 test_adv] 	Val loss|acc:		0.94|0.8590
[INFO 2018-09-13 04:56:24,391 test_adv] 	Adv val loss|acc:	3.69|0.5522
[INFO 2018-09-13 05:06:39,614 test_adv] STEP: 29000
[INFO 2018-09-13 05:06:39,614 test_adv] 	Elapsed time:	655s
[INFO 2018-09-13 05:06:39,614 test_adv] 	Train loss|acc:		0.07|0.9847
[INFO 2018-09-13 05:06:39,615 test_adv] 	Adv train loss|acc:	0.19|0.9304
[INFO 2018-09-13 05:06:41,803 test_adv] 	Val loss|acc:		0.96|0.8551
[INFO 2018-09-13 05:07:19,647 test_adv] 	Adv val loss|acc:	3.64|0.5599
[INFO 2018-09-13 05:17:34,996 test_adv] STEP: 30000
[INFO 2018-09-13 05:17:34,997 test_adv] 	Elapsed time:	655s
[INFO 2018-09-13 05:17:34,997 test_adv] 	Train loss|acc:		0.06|0.9855
[INFO 2018-09-13 05:17:34,997 test_adv] 	Adv train loss|acc:	0.19|0.9317
[INFO 2018-09-13 05:17:37,189 test_adv] 	Val loss|acc:		0.93|0.8454
[INFO 2018-09-13 05:18:15,071 test_adv] 	Adv val loss|acc:	3.26|0.5646
[INFO 2018-09-13 05:28:30,647 test_adv] STEP: 31000
[INFO 2018-09-13 05:28:30,647 test_adv] 	Elapsed time:	656s
[INFO 2018-09-13 05:28:30,647 test_adv] 	Train loss|acc:		0.06|0.9856
[INFO 2018-09-13 05:28:30,647 test_adv] 	Adv train loss|acc:	0.20|0.9277
[INFO 2018-09-13 05:28:32,832 test_adv] 	Val loss|acc:		0.95|0.8510
[INFO 2018-09-13 05:29:10,749 test_adv] 	Adv val loss|acc:	3.56|0.5764
[INFO 2018-09-13 05:39:25,934 test_adv] STEP: 32000
[INFO 2018-09-13 05:39:25,934 test_adv] 	Elapsed time:	655s
[INFO 2018-09-13 05:39:25,935 test_adv] 	Train loss|acc:		0.06|0.9854
[INFO 2018-09-13 05:39:25,935 test_adv] 	Adv train loss|acc:	0.18|0.9335
[INFO 2018-09-13 05:39:28,130 test_adv] 	Val loss|acc:		1.03|0.8463
[INFO 2018-09-13 05:40:06,045 test_adv] 	Adv val loss|acc:	3.60|0.5413
[INFO 2018-09-13 05:50:21,510 test_adv] STEP: 33000
[INFO 2018-09-13 05:50:21,510 test_adv] 	Elapsed time:	656s
[INFO 2018-09-13 05:50:21,510 test_adv] 	Train loss|acc:		0.06|0.9859
[INFO 2018-09-13 05:50:21,511 test_adv] 	Adv train loss|acc:	0.18|0.9349
[INFO 2018-09-13 05:50:23,696 test_adv] 	Val loss|acc:		0.93|0.8619
[INFO 2018-09-13 05:51:01,614 test_adv] 	Adv val loss|acc:	3.73|0.5748
[INFO 2018-09-13 06:01:17,084 test_adv] STEP: 34000
[INFO 2018-09-13 06:01:17,085 test_adv] 	Elapsed time:	656s
[INFO 2018-09-13 06:01:17,085 test_adv] 	Train loss|acc:		0.06|0.9864
[INFO 2018-09-13 06:01:17,085 test_adv] 	Adv train loss|acc:	0.18|0.9354
[INFO 2018-09-13 06:01:19,291 test_adv] 	Val loss|acc:		0.92|0.8580
[INFO 2018-09-13 06:01:57,210 test_adv] 	Adv val loss|acc:	3.60|0.5785
[INFO 2018-09-13 06:12:13,886 test_adv] STEP: 35000
[INFO 2018-09-13 06:12:13,886 test_adv] 	Elapsed time:	657s
[INFO 2018-09-13 06:12:13,886 test_adv] 	Train loss|acc:		0.06|0.9858
[INFO 2018-09-13 06:12:13,886 test_adv] 	Adv train loss|acc:	0.17|0.9373
[INFO 2018-09-13 06:12:16,081 test_adv] 	Val loss|acc:		0.92|0.8531
[INFO 2018-09-13 06:12:54,074 test_adv] 	Adv val loss|acc:	3.67|0.5760
[INFO 2018-09-13 06:23:10,983 test_adv] STEP: 36000
[INFO 2018-09-13 06:23:10,984 test_adv] 	Elapsed time:	657s
[INFO 2018-09-13 06:23:10,984 test_adv] 	Train loss|acc:		0.06|0.9865
[INFO 2018-09-13 06:23:10,984 test_adv] 	Adv train loss|acc:	0.17|0.9372
[INFO 2018-09-13 06:23:13,193 test_adv] 	Val loss|acc:		0.99|0.8612
[INFO 2018-09-13 06:23:51,222 test_adv] 	Adv val loss|acc:	3.91|0.5723
[INFO 2018-09-13 06:34:07,658 test_adv] STEP: 37000
[INFO 2018-09-13 06:34:07,658 test_adv] 	Elapsed time:	657s
[INFO 2018-09-13 06:34:07,658 test_adv] 	Train loss|acc:		0.06|0.9860
[INFO 2018-09-13 06:34:07,658 test_adv] 	Adv train loss|acc:	0.17|0.9393
[INFO 2018-09-13 06:34:09,860 test_adv] 	Val loss|acc:		0.95|0.8619
[INFO 2018-09-13 06:34:47,811 test_adv] 	Adv val loss|acc:	4.01|0.5828
[INFO 2018-09-13 06:45:04,551 test_adv] STEP: 38000
[INFO 2018-09-13 06:45:04,551 test_adv] 	Elapsed time:	657s
[INFO 2018-09-13 06:45:04,551 test_adv] 	Train loss|acc:		0.06|0.9862
[INFO 2018-09-13 06:45:04,552 test_adv] 	Adv train loss|acc:	0.16|0.9403
[INFO 2018-09-13 06:45:06,739 test_adv] 	Val loss|acc:		0.97|0.8605
[INFO 2018-09-13 06:45:44,696 test_adv] 	Adv val loss|acc:	3.62|0.5719
[INFO 2018-09-13 06:56:01,435 test_adv] STEP: 39000
[INFO 2018-09-13 06:56:01,436 test_adv] 	Elapsed time:	657s
[INFO 2018-09-13 06:56:01,436 test_adv] 	Train loss|acc:		0.06|0.9859
[INFO 2018-09-13 06:56:01,436 test_adv] 	Adv train loss|acc:	0.16|0.9414
[INFO 2018-09-13 06:56:03,621 test_adv] 	Val loss|acc:		0.95|0.8617
[INFO 2018-09-13 06:56:41,649 test_adv] 	Adv val loss|acc:	3.64|0.5739
[INFO 2018-09-13 07:06:58,658 test_adv] STEP: 40000
[INFO 2018-09-13 07:06:58,658 test_adv] 	Elapsed time:	657s
[INFO 2018-09-13 07:06:58,658 test_adv] 	Train loss|acc:		0.06|0.9861
[INFO 2018-09-13 07:06:58,658 test_adv] 	Adv train loss|acc:	0.15|0.9439
[INFO 2018-09-13 07:07:00,865 test_adv] 	Val loss|acc:		1.01|0.8646
[INFO 2018-09-13 07:07:38,919 test_adv] 	Adv val loss|acc:	3.89|0.5671
[INFO 2018-09-13 07:17:56,021 test_adv] STEP: 41000
[INFO 2018-09-13 07:17:56,021 test_adv] 	Elapsed time:	657s
[INFO 2018-09-13 07:17:56,022 test_adv] 	Train loss|acc:		0.06|0.9867
[INFO 2018-09-13 07:17:56,022 test_adv] 	Adv train loss|acc:	0.16|0.9431
[INFO 2018-09-13 07:17:58,214 test_adv] 	Val loss|acc:		0.81|0.8494
[INFO 2018-09-13 07:18:36,159 test_adv] 	Adv val loss|acc:	3.31|0.5730
[INFO 2018-09-13 07:28:52,996 test_adv] STEP: 42000
[INFO 2018-09-13 07:28:52,996 test_adv] 	Elapsed time:	657s
[INFO 2018-09-13 07:28:52,997 test_adv] 	Train loss|acc:		0.06|0.9864
[INFO 2018-09-13 07:28:52,997 test_adv] 	Adv train loss|acc:	0.15|0.9445
[INFO 2018-09-13 07:28:55,183 test_adv] 	Val loss|acc:		1.14|0.8458
[INFO 2018-09-13 07:29:33,236 test_adv] 	Adv val loss|acc:	4.04|0.5828
[INFO 2018-09-13 07:39:50,823 test_adv] STEP: 43000
[INFO 2018-09-13 07:39:50,823 test_adv] 	Elapsed time:	658s
[INFO 2018-09-13 07:39:50,823 test_adv] 	Train loss|acc:		0.06|0.9862
[INFO 2018-09-13 07:39:50,823 test_adv] 	Adv train loss|acc:	0.15|0.9434
[INFO 2018-09-13 07:39:53,027 test_adv] 	Val loss|acc:		1.04|0.8615
[INFO 2018-09-13 07:40:30,998 test_adv] 	Adv val loss|acc:	3.84|0.5773
[INFO 2018-09-13 07:50:48,207 test_adv] STEP: 44000
[INFO 2018-09-13 07:50:48,207 test_adv] 	Elapsed time:	657s
[INFO 2018-09-13 07:50:48,207 test_adv] 	Train loss|acc:		0.05|0.9873
[INFO 2018-09-13 07:50:48,207 test_adv] 	Adv train loss|acc:	0.15|0.9445
[INFO 2018-09-13 07:50:50,398 test_adv] 	Val loss|acc:		0.88|0.8540
[INFO 2018-09-13 07:51:28,374 test_adv] 	Adv val loss|acc:	3.33|0.5855
[INFO 2018-09-13 08:01:46,044 test_adv] STEP: 45000
[INFO 2018-09-13 08:01:46,045 test_adv] 	Elapsed time:	658s
[INFO 2018-09-13 08:01:46,045 test_adv] 	Train loss|acc:		0.06|0.9869
[INFO 2018-09-13 08:01:46,045 test_adv] 	Adv train loss|acc:	0.15|0.9455
[INFO 2018-09-13 08:01:48,254 test_adv] 	Val loss|acc:		0.92|0.8567
[INFO 2018-09-13 08:02:26,387 test_adv] 	Adv val loss|acc:	3.55|0.5846
[INFO 2018-09-13 08:12:43,435 test_adv] STEP: 46000
[INFO 2018-09-13 08:12:43,435 test_adv] 	Elapsed time:	657s
[INFO 2018-09-13 08:12:43,435 test_adv] 	Train loss|acc:		0.05|0.9870
[INFO 2018-09-13 08:12:43,436 test_adv] 	Adv train loss|acc:	0.14|0.9474
[INFO 2018-09-13 08:12:45,631 test_adv] 	Val loss|acc:		0.86|0.8599
[INFO 2018-09-13 08:13:23,684 test_adv] 	Adv val loss|acc:	3.77|0.5776
[INFO 2018-09-13 08:23:41,014 test_adv] STEP: 47000
[INFO 2018-09-13 08:23:41,015 test_adv] 	Elapsed time:	658s
[INFO 2018-09-13 08:23:41,015 test_adv] 	Train loss|acc:		0.05|0.9869
[INFO 2018-09-13 08:23:41,015 test_adv] 	Adv train loss|acc:	0.14|0.9457
[INFO 2018-09-13 08:23:43,216 test_adv] 	Val loss|acc:		1.11|0.8560
[INFO 2018-09-13 08:24:21,176 test_adv] 	Adv val loss|acc:	4.00|0.5841
[INFO 2018-09-13 08:34:38,505 test_adv] STEP: 48000
[INFO 2018-09-13 08:34:38,505 test_adv] 	Elapsed time:	657s
[INFO 2018-09-13 08:34:38,505 test_adv] 	Train loss|acc:		0.05|0.9872
[INFO 2018-09-13 08:34:38,505 test_adv] 	Adv train loss|acc:	0.14|0.9477
[INFO 2018-09-13 08:34:40,697 test_adv] 	Val loss|acc:		1.10|0.8426
[INFO 2018-09-13 08:35:18,656 test_adv] 	Adv val loss|acc:	3.96|0.5608
[INFO 2018-09-13 08:45:35,677 test_adv] STEP: 49000
[INFO 2018-09-13 08:45:35,677 test_adv] 	Elapsed time:	657s
[INFO 2018-09-13 08:45:35,678 test_adv] 	Train loss|acc:		0.05|0.9877
[INFO 2018-09-13 08:45:35,678 test_adv] 	Adv train loss|acc:	0.14|0.9489
[INFO 2018-09-13 08:45:37,874 test_adv] 	Val loss|acc:		0.96|0.8519
[INFO 2018-09-13 08:46:15,866 test_adv] 	Adv val loss|acc:	3.93|0.5834
[INFO 2018-09-13 08:56:32,927 test_adv] STEP: 50000
[INFO 2018-09-13 08:56:32,927 test_adv] 	Elapsed time:	657s
[INFO 2018-09-13 08:56:32,928 test_adv] 	Train loss|acc:		0.05|0.9870
[INFO 2018-09-13 08:56:32,928 test_adv] 	Adv train loss|acc:	0.14|0.9473
[INFO 2018-09-13 08:56:35,134 test_adv] 	Val loss|acc:		0.89|0.8673
[INFO 2018-09-13 08:57:13,197 test_adv] 	Adv val loss|acc:	3.72|0.5828
[INFO 2018-09-13 09:07:30,977 test_adv] STEP: 51000
[INFO 2018-09-13 09:07:30,977 test_adv] 	Elapsed time:	658s
[INFO 2018-09-13 09:07:30,978 test_adv] 	Train loss|acc:		0.05|0.9876
[INFO 2018-09-13 09:07:30,978 test_adv] 	Adv train loss|acc:	0.13|0.9507
[INFO 2018-09-13 09:07:33,216 test_adv] 	Val loss|acc:		1.05|0.8503
[INFO 2018-09-13 09:08:11,328 test_adv] 	Adv val loss|acc:	3.99|0.5855
[INFO 2018-09-13 09:18:29,100 test_adv] STEP: 52000
[INFO 2018-09-13 09:18:29,101 test_adv] 	Elapsed time:	658s
[INFO 2018-09-13 09:18:29,101 test_adv] 	Train loss|acc:		0.05|0.9872
[INFO 2018-09-13 09:18:29,101 test_adv] 	Adv train loss|acc:	0.13|0.9503
[INFO 2018-09-13 09:18:31,295 test_adv] 	Val loss|acc:		0.93|0.8599
[INFO 2018-09-13 09:19:09,331 test_adv] 	Adv val loss|acc:	3.81|0.5819
[INFO 2018-09-13 09:29:27,261 test_adv] STEP: 53000
[INFO 2018-09-13 09:29:27,262 test_adv] 	Elapsed time:	658s
[INFO 2018-09-13 09:29:27,262 test_adv] 	Train loss|acc:		0.05|0.9881
[INFO 2018-09-13 09:29:27,262 test_adv] 	Adv train loss|acc:	0.14|0.9488
[INFO 2018-09-13 09:29:29,472 test_adv] 	Val loss|acc:		0.92|0.8528
[INFO 2018-09-13 09:30:07,610 test_adv] 	Adv val loss|acc:	3.54|0.5760
[INFO 2018-09-13 09:40:25,474 test_adv] STEP: 54000
[INFO 2018-09-13 09:40:25,474 test_adv] 	Elapsed time:	658s
[INFO 2018-09-13 09:40:25,475 test_adv] 	Train loss|acc:		0.05|0.9877
[INFO 2018-09-13 09:40:25,475 test_adv] 	Adv train loss|acc:	0.13|0.9533
[INFO 2018-09-13 09:40:27,685 test_adv] 	Val loss|acc:		0.97|0.8587
[INFO 2018-09-13 09:41:05,774 test_adv] 	Adv val loss|acc:	3.97|0.5705
[INFO 2018-09-13 09:51:23,560 test_adv] STEP: 55000
[INFO 2018-09-13 09:51:23,560 test_adv] 	Elapsed time:	658s
[INFO 2018-09-13 09:51:23,560 test_adv] 	Train loss|acc:		0.05|0.9882
[INFO 2018-09-13 09:51:23,560 test_adv] 	Adv train loss|acc:	0.13|0.9523
[INFO 2018-09-13 09:51:25,763 test_adv] 	Val loss|acc:		1.01|0.8596
[INFO 2018-09-13 09:52:03,807 test_adv] 	Adv val loss|acc:	4.22|0.5821
[INFO 2018-09-13 10:02:21,573 test_adv] STEP: 56000
[INFO 2018-09-13 10:02:21,574 test_adv] 	Elapsed time:	658s
[INFO 2018-09-13 10:02:21,580 test_adv] 	Train loss|acc:		0.05|0.9874
[INFO 2018-09-13 10:02:21,580 test_adv] 	Adv train loss|acc:	0.13|0.9519
[INFO 2018-09-13 10:02:23,775 test_adv] 	Val loss|acc:		0.82|0.8626
[INFO 2018-09-13 10:03:01,866 test_adv] 	Adv val loss|acc:	3.86|0.5705
[INFO 2018-09-13 10:13:20,035 test_adv] STEP: 57000
[INFO 2018-09-13 10:13:20,035 test_adv] 	Elapsed time:	658s
[INFO 2018-09-13 10:13:20,041 test_adv] 	Train loss|acc:		0.05|0.9879
[INFO 2018-09-13 10:13:20,041 test_adv] 	Adv train loss|acc:	0.12|0.9538
[INFO 2018-09-13 10:13:22,238 test_adv] 	Val loss|acc:		1.07|0.8531
[INFO 2018-09-13 10:14:00,237 test_adv] 	Adv val loss|acc:	4.16|0.5782
[INFO 2018-09-13 10:24:17,933 test_adv] STEP: 58000
[INFO 2018-09-13 10:24:17,933 test_adv] 	Elapsed time:	658s
[INFO 2018-09-13 10:24:17,934 test_adv] 	Train loss|acc:		0.05|0.9879
[INFO 2018-09-13 10:24:17,934 test_adv] 	Adv train loss|acc:	0.13|0.9525
[INFO 2018-09-13 10:24:20,113 test_adv] 	Val loss|acc:		0.93|0.8542
[INFO 2018-09-13 10:24:58,271 test_adv] 	Adv val loss|acc:	3.91|0.5644
[INFO 2018-09-13 10:35:16,579 test_adv] STEP: 59000
[INFO 2018-09-13 10:35:16,579 test_adv] 	Elapsed time:	659s
[INFO 2018-09-13 10:35:16,579 test_adv] 	Train loss|acc:		0.05|0.9876
[INFO 2018-09-13 10:35:16,580 test_adv] 	Adv train loss|acc:	0.12|0.9542
[INFO 2018-09-13 10:35:18,801 test_adv] 	Val loss|acc:		0.99|0.8540
[INFO 2018-09-13 10:35:56,912 test_adv] 	Adv val loss|acc:	4.05|0.5710
[INFO 2018-09-13 10:46:14,536 test_adv] STEP: 60000
[INFO 2018-09-13 10:46:14,537 test_adv] 	Elapsed time:	658s
[INFO 2018-09-13 10:46:14,537 test_adv] 	Train loss|acc:		0.05|0.9884
[INFO 2018-09-13 10:46:14,537 test_adv] 	Adv train loss|acc:	0.12|0.9546
[INFO 2018-09-13 10:46:16,751 test_adv] 	Val loss|acc:		1.04|0.8574
[INFO 2018-09-13 10:46:54,772 test_adv] 	Adv val loss|acc:	4.18|0.5955
[INFO 2018-09-13 10:57:12,170 test_adv] STEP: 61000
[INFO 2018-09-13 10:57:12,171 test_adv] 	Elapsed time:	658s
[INFO 2018-09-13 10:57:12,171 test_adv] 	Train loss|acc:		0.05|0.9882
[INFO 2018-09-13 10:57:12,171 test_adv] 	Adv train loss|acc:	0.12|0.9547
[INFO 2018-09-13 10:57:14,364 test_adv] 	Val loss|acc:		1.10|0.8515
[INFO 2018-09-13 10:57:52,391 test_adv] 	Adv val loss|acc:	4.00|0.5737
[INFO 2018-09-13 11:08:09,933 test_adv] STEP: 62000
[INFO 2018-09-13 11:08:09,933 test_adv] 	Elapsed time:	658s
[INFO 2018-09-13 11:08:09,933 test_adv] 	Train loss|acc:		0.05|0.9884
[INFO 2018-09-13 11:08:09,933 test_adv] 	Adv train loss|acc:	0.12|0.9551
[INFO 2018-09-13 11:08:12,125 test_adv] 	Val loss|acc:		1.05|0.8494
[INFO 2018-09-13 11:08:50,086 test_adv] 	Adv val loss|acc:	4.18|0.5705
[INFO 2018-09-13 11:19:07,634 test_adv] STEP: 63000
[INFO 2018-09-13 11:19:07,634 test_adv] 	Elapsed time:	658s
[INFO 2018-09-13 11:19:07,634 test_adv] 	Train loss|acc:		0.05|0.9888
[INFO 2018-09-13 11:19:07,634 test_adv] 	Adv train loss|acc:	0.12|0.9556
[INFO 2018-09-13 11:19:09,837 test_adv] 	Val loss|acc:		1.01|0.8565
[INFO 2018-09-13 11:19:47,847 test_adv] 	Adv val loss|acc:	4.08|0.5764
[INFO 2018-09-13 11:30:05,255 test_adv] STEP: 64000
[INFO 2018-09-13 11:30:05,255 test_adv] 	Elapsed time:	658s
[INFO 2018-09-13 11:30:05,256 test_adv] 	Train loss|acc:		0.05|0.9883
[INFO 2018-09-13 11:30:05,256 test_adv] 	Adv train loss|acc:	0.12|0.9560
[INFO 2018-09-13 11:30:07,452 test_adv] 	Val loss|acc:		1.02|0.8494
[INFO 2018-09-13 11:30:45,412 test_adv] 	Adv val loss|acc:	3.92|0.5834
[INFO 2018-09-13 11:41:02,886 test_adv] STEP: 65000
[INFO 2018-09-13 11:41:02,886 test_adv] 	Elapsed time:	658s
[INFO 2018-09-13 11:41:02,887 test_adv] 	Train loss|acc:		0.05|0.9884
[INFO 2018-09-13 11:41:02,887 test_adv] 	Adv train loss|acc:	0.12|0.9568
[INFO 2018-09-13 11:41:05,093 test_adv] 	Val loss|acc:		1.01|0.8592
[INFO 2018-09-13 11:41:43,177 test_adv] 	Adv val loss|acc:	4.12|0.5859
[INFO 2018-09-13 11:52:00,726 test_adv] STEP: 66000
[INFO 2018-09-13 11:52:00,727 test_adv] 	Elapsed time:	658s
[INFO 2018-09-13 11:52:00,727 test_adv] 	Train loss|acc:		0.05|0.9879
[INFO 2018-09-13 11:52:00,727 test_adv] 	Adv train loss|acc:	0.12|0.9564
[INFO 2018-09-13 11:52:02,930 test_adv] 	Val loss|acc:		0.98|0.8540
[INFO 2018-09-13 11:52:40,976 test_adv] 	Adv val loss|acc:	4.09|0.5762
[INFO 2018-09-13 12:02:59,036 test_adv] STEP: 67000
[INFO 2018-09-13 12:02:59,037 test_adv] 	Elapsed time:	658s
[INFO 2018-09-13 12:02:59,037 test_adv] 	Train loss|acc:		0.05|0.9890
[INFO 2018-09-13 12:02:59,037 test_adv] 	Adv train loss|acc:	0.12|0.9566
[INFO 2018-09-13 12:03:01,236 test_adv] 	Val loss|acc:		0.92|0.8630
[INFO 2018-09-13 12:03:39,261 test_adv] 	Adv val loss|acc:	3.96|0.5751
[INFO 2018-09-13 12:13:56,486 test_adv] STEP: 68000
[INFO 2018-09-13 12:13:56,486 test_adv] 	Elapsed time:	657s
[INFO 2018-09-13 12:13:56,486 test_adv] 	Train loss|acc:		0.05|0.9890
[INFO 2018-09-13 12:13:56,486 test_adv] 	Adv train loss|acc:	0.12|0.9557
[INFO 2018-09-13 12:13:58,685 test_adv] 	Val loss|acc:		0.89|0.8574
[INFO 2018-09-13 12:14:36,626 test_adv] 	Adv val loss|acc:	4.10|0.5966
[INFO 2018-09-13 12:24:54,283 test_adv] STEP: 69000
[INFO 2018-09-13 12:24:54,284 test_adv] 	Elapsed time:	658s
[INFO 2018-09-13 12:24:54,284 test_adv] 	Train loss|acc:		0.05|0.9884
[INFO 2018-09-13 12:24:54,284 test_adv] 	Adv train loss|acc:	0.10|0.9609
[INFO 2018-09-13 12:24:56,488 test_adv] 	Val loss|acc:		1.04|0.8494
[INFO 2018-09-13 12:25:34,637 test_adv] 	Adv val loss|acc:	4.35|0.5848
[INFO 2018-09-13 12:35:52,150 test_adv] STEP: 70000
[INFO 2018-09-13 12:35:52,151 test_adv] 	Elapsed time:	658s
[INFO 2018-09-13 12:35:52,151 test_adv] 	Train loss|acc:		0.05|0.9885
[INFO 2018-09-13 12:35:52,151 test_adv] 	Adv train loss|acc:	0.12|0.9558
[INFO 2018-09-13 12:35:54,354 test_adv] 	Val loss|acc:		0.82|0.8583
[INFO 2018-09-13 12:36:32,407 test_adv] 	Adv val loss|acc:	3.68|0.5705
[INFO 2018-09-13 12:46:50,635 test_adv] STEP: 71000
[INFO 2018-09-13 12:46:50,635 test_adv] 	Elapsed time:	658s
[INFO 2018-09-13 12:46:50,635 test_adv] 	Train loss|acc:		0.05|0.9891
[INFO 2018-09-13 12:46:50,635 test_adv] 	Adv train loss|acc:	0.11|0.9591
[INFO 2018-09-13 12:46:52,828 test_adv] 	Val loss|acc:		0.87|0.8617
[INFO 2018-09-13 12:47:30,863 test_adv] 	Adv val loss|acc:	4.29|0.5737
[INFO 2018-09-13 12:57:48,411 test_adv] STEP: 72000
[INFO 2018-09-13 12:57:48,411 test_adv] 	Elapsed time:	658s
[INFO 2018-09-13 12:57:48,411 test_adv] 	Train loss|acc:		0.05|0.9889
[INFO 2018-09-13 12:57:48,411 test_adv] 	Adv train loss|acc:	0.12|0.9571
[INFO 2018-09-13 12:57:50,629 test_adv] 	Val loss|acc:		0.85|0.8531
[INFO 2018-09-13 12:58:28,819 test_adv] 	Adv val loss|acc:	3.64|0.5771
[INFO 2018-09-13 13:08:46,842 test_adv] STEP: 73000
[INFO 2018-09-13 13:08:46,842 test_adv] 	Elapsed time:	658s
[INFO 2018-09-13 13:08:46,842 test_adv] 	Train loss|acc:		0.05|0.9883
[INFO 2018-09-13 13:08:46,843 test_adv] 	Adv train loss|acc:	0.10|0.9610
[INFO 2018-09-13 13:08:49,040 test_adv] 	Val loss|acc:		0.98|0.8494
[INFO 2018-09-13 13:09:27,176 test_adv] 	Adv val loss|acc:	4.11|0.5975
[INFO 2018-09-13 13:19:45,004 test_adv] STEP: 74000
[INFO 2018-09-13 13:19:45,004 test_adv] 	Elapsed time:	658s
[INFO 2018-09-13 13:19:45,004 test_adv] 	Train loss|acc:		0.04|0.9891
[INFO 2018-09-13 13:19:45,004 test_adv] 	Adv train loss|acc:	0.11|0.9598
[INFO 2018-09-13 13:19:47,214 test_adv] 	Val loss|acc:		0.85|0.8608
[INFO 2018-09-13 13:20:25,205 test_adv] 	Adv val loss|acc:	3.94|0.5830
[INFO 2018-09-13 13:30:42,437 test_adv] STEP: 75000
[INFO 2018-09-13 13:30:42,438 test_adv] 	Elapsed time:	657s
[INFO 2018-09-13 13:30:42,438 test_adv] 	Train loss|acc:		0.05|0.9889
[INFO 2018-09-13 13:30:42,438 test_adv] 	Adv train loss|acc:	0.11|0.9592
[INFO 2018-09-13 13:30:44,635 test_adv] 	Val loss|acc:		0.97|0.8497
[INFO 2018-09-13 13:31:22,604 test_adv] 	Adv val loss|acc:	3.98|0.5694
[INFO 2018-09-13 13:41:39,855 test_adv] STEP: 76000
[INFO 2018-09-13 13:41:39,855 test_adv] 	Elapsed time:	657s
[INFO 2018-09-13 13:41:39,855 test_adv] 	Train loss|acc:		0.05|0.9886
[INFO 2018-09-13 13:41:39,855 test_adv] 	Adv train loss|acc:	0.10|0.9624
[INFO 2018-09-13 13:41:42,064 test_adv] 	Val loss|acc:		0.95|0.8662
[INFO 2018-09-13 13:42:20,083 test_adv] 	Adv val loss|acc:	4.26|0.5948
[INFO 2018-09-13 13:52:37,280 test_adv] STEP: 77000
[INFO 2018-09-13 13:52:37,280 test_adv] 	Elapsed time:	657s
[INFO 2018-09-13 13:52:37,281 test_adv] 	Train loss|acc:		0.04|0.9896
[INFO 2018-09-13 13:52:37,281 test_adv] 	Adv train loss|acc:	0.11|0.9587
[INFO 2018-09-13 13:52:39,476 test_adv] 	Val loss|acc:		0.95|0.8594
[INFO 2018-09-13 13:53:17,457 test_adv] 	Adv val loss|acc:	4.10|0.5778
[INFO 2018-09-13 14:03:34,282 test_adv] STEP: 78000
[INFO 2018-09-13 14:03:34,282 test_adv] 	Elapsed time:	657s
[INFO 2018-09-13 14:03:34,282 test_adv] 	Train loss|acc:		0.04|0.9894
[INFO 2018-09-13 14:03:34,283 test_adv] 	Adv train loss|acc:	0.10|0.9625
[INFO 2018-09-13 14:03:36,466 test_adv] 	Val loss|acc:		0.84|0.8624
[INFO 2018-09-13 14:04:14,414 test_adv] 	Adv val loss|acc:	4.09|0.5923
[INFO 2018-09-13 14:14:30,289 test_adv] STEP: 79000
[INFO 2018-09-13 14:14:30,290 test_adv] 	Elapsed time:	656s
[INFO 2018-09-13 14:14:30,290 test_adv] 	Train loss|acc:		0.04|0.9895
[INFO 2018-09-13 14:14:30,290 test_adv] 	Adv train loss|acc:	0.11|0.9604
[INFO 2018-09-13 14:14:32,494 test_adv] 	Val loss|acc:		0.90|0.8537
[INFO 2018-09-13 14:15:10,316 test_adv] 	Adv val loss|acc:	4.13|0.5855
[INFO 2018-09-13 14:25:25,376 test_adv] STEP: 80000
[INFO 2018-09-13 14:25:25,376 test_adv] 	Elapsed time:	655s
[INFO 2018-09-13 14:25:25,376 test_adv] 	Train loss|acc:		0.04|0.9893
[INFO 2018-09-13 14:25:25,377 test_adv] 	Adv train loss|acc:	0.10|0.9620
[INFO 2018-09-13 14:25:27,569 test_adv] 	Val loss|acc:		1.00|0.8628
[INFO 2018-09-13 14:26:05,462 test_adv] 	Adv val loss|acc:	4.53|0.5873
[INFO 2018-09-13 14:36:20,616 test_adv] STEP: 81000
[INFO 2018-09-13 14:36:20,617 test_adv] 	Elapsed time:	655s
[INFO 2018-09-13 14:36:20,617 test_adv] 	Train loss|acc:		0.04|0.9894
[INFO 2018-09-13 14:36:20,617 test_adv] 	Adv train loss|acc:	0.11|0.9607
[INFO 2018-09-13 14:36:22,812 test_adv] 	Val loss|acc:		1.09|0.8535
[INFO 2018-09-13 14:37:00,635 test_adv] 	Adv val loss|acc:	4.45|0.5800
[INFO 2018-09-13 14:47:15,324 test_adv] STEP: 82000
[INFO 2018-09-13 14:47:15,324 test_adv] 	Elapsed time:	655s
[INFO 2018-09-13 14:47:15,324 test_adv] 	Train loss|acc:		0.04|0.9888
[INFO 2018-09-13 14:47:15,324 test_adv] 	Adv train loss|acc:	0.10|0.9623
[INFO 2018-09-13 14:47:17,516 test_adv] 	Val loss|acc:		0.96|0.8639
[INFO 2018-09-13 14:47:55,418 test_adv] 	Adv val loss|acc:	3.92|0.5685
[INFO 2018-09-13 14:58:10,334 test_adv] STEP: 83000
[INFO 2018-09-13 14:58:10,334 test_adv] 	Elapsed time:	655s
[INFO 2018-09-13 14:58:10,334 test_adv] 	Train loss|acc:		0.04|0.9898
[INFO 2018-09-13 14:58:10,334 test_adv] 	Adv train loss|acc:	0.10|0.9630
[INFO 2018-09-13 14:58:12,525 test_adv] 	Val loss|acc:		1.09|0.8592
[INFO 2018-09-13 14:58:50,403 test_adv] 	Adv val loss|acc:	4.18|0.5882
[INFO 2018-09-13 15:09:04,913 test_adv] STEP: 84000
[INFO 2018-09-13 15:09:04,913 test_adv] 	Elapsed time:	655s
[INFO 2018-09-13 15:09:04,913 test_adv] 	Train loss|acc:		0.04|0.9894
[INFO 2018-09-13 15:09:04,913 test_adv] 	Adv train loss|acc:	0.10|0.9631
[INFO 2018-09-13 15:09:07,091 test_adv] 	Val loss|acc:		0.99|0.8583
[INFO 2018-09-13 15:09:44,934 test_adv] 	Adv val loss|acc:	4.18|0.5726
[INFO 2018-09-13 15:19:59,718 test_adv] STEP: 85000
[INFO 2018-09-13 15:19:59,719 test_adv] 	Elapsed time:	655s
[INFO 2018-09-13 15:19:59,719 test_adv] 	Train loss|acc:		0.04|0.9898
[INFO 2018-09-13 15:19:59,719 test_adv] 	Adv train loss|acc:	0.09|0.9647
[INFO 2018-09-13 15:20:01,904 test_adv] 	Val loss|acc:		0.95|0.8610
[INFO 2018-09-13 15:20:39,708 test_adv] 	Adv val loss|acc:	4.36|0.5848
[INFO 2018-09-13 15:30:54,241 test_adv] STEP: 86000
[INFO 2018-09-13 15:30:54,242 test_adv] 	Elapsed time:	655s
[INFO 2018-09-13 15:30:54,242 test_adv] 	Train loss|acc:		0.04|0.9896
[INFO 2018-09-13 15:30:54,242 test_adv] 	Adv train loss|acc:	0.10|0.9636
[INFO 2018-09-13 15:30:56,443 test_adv] 	Val loss|acc:		1.06|0.8599
[INFO 2018-09-13 15:31:34,230 test_adv] 	Adv val loss|acc:	4.31|0.5737
[INFO 2018-09-13 15:41:48,946 test_adv] STEP: 87000
[INFO 2018-09-13 15:41:48,947 test_adv] 	Elapsed time:	655s
[INFO 2018-09-13 15:41:48,947 test_adv] 	Train loss|acc:		0.04|0.9900
[INFO 2018-09-13 15:41:48,947 test_adv] 	Adv train loss|acc:	0.10|0.9614
[INFO 2018-09-13 15:41:51,136 test_adv] 	Val loss|acc:		1.00|0.8621
[INFO 2018-09-13 15:42:28,987 test_adv] 	Adv val loss|acc:	4.21|0.5964
[INFO 2018-09-13 15:52:43,728 test_adv] STEP: 88000
[INFO 2018-09-13 15:52:43,728 test_adv] 	Elapsed time:	655s
[INFO 2018-09-13 15:52:43,728 test_adv] 	Train loss|acc:		0.04|0.9893
[INFO 2018-09-13 15:52:43,729 test_adv] 	Adv train loss|acc:	0.10|0.9639
[INFO 2018-09-13 15:52:45,910 test_adv] 	Val loss|acc:		1.00|0.8576
[INFO 2018-09-13 15:53:23,812 test_adv] 	Adv val loss|acc:	4.36|0.5891
[INFO 2018-09-13 16:03:38,783 test_adv] STEP: 89000
[INFO 2018-09-13 16:03:38,783 test_adv] 	Elapsed time:	655s
[INFO 2018-09-13 16:03:38,784 test_adv] 	Train loss|acc:		0.04|0.9896
[INFO 2018-09-13 16:03:38,784 test_adv] 	Adv train loss|acc:	0.10|0.9637
[INFO 2018-09-13 16:03:40,964 test_adv] 	Val loss|acc:		0.95|0.8542
[INFO 2018-09-13 16:04:18,847 test_adv] 	Adv val loss|acc:	4.24|0.5943
[INFO 2018-09-13 16:14:33,612 test_adv] STEP: 90000
[INFO 2018-09-13 16:14:33,612 test_adv] 	Elapsed time:	655s
[INFO 2018-09-13 16:14:33,612 test_adv] 	Train loss|acc:		0.04|0.9900
[INFO 2018-09-13 16:14:33,612 test_adv] 	Adv train loss|acc:	0.09|0.9668
[INFO 2018-09-13 16:14:35,805 test_adv] 	Val loss|acc:		0.97|0.8705
[INFO 2018-09-13 16:15:13,658 test_adv] 	Adv val loss|acc:	4.50|0.5887
[INFO 2018-09-13 16:25:28,942 test_adv] STEP: 91000
[INFO 2018-09-13 16:25:28,943 test_adv] 	Elapsed time:	655s
[INFO 2018-09-13 16:25:28,943 test_adv] 	Train loss|acc:		0.04|0.9893
[INFO 2018-09-13 16:25:28,943 test_adv] 	Adv train loss|acc:	0.10|0.9635
[INFO 2018-09-13 16:25:31,127 test_adv] 	Val loss|acc:		0.89|0.8685
[INFO 2018-09-13 16:26:09,037 test_adv] 	Adv val loss|acc:	4.23|0.5839
[INFO 2018-09-13 16:36:24,504 test_adv] STEP: 92000
[INFO 2018-09-13 16:36:24,504 test_adv] 	Elapsed time:	656s
[INFO 2018-09-13 16:36:24,504 test_adv] 	Train loss|acc:		0.04|0.9900
[INFO 2018-09-13 16:36:24,505 test_adv] 	Adv train loss|acc:	0.09|0.9660
[INFO 2018-09-13 16:36:26,694 test_adv] 	Val loss|acc:		0.87|0.8624
[INFO 2018-09-13 16:37:04,522 test_adv] 	Adv val loss|acc:	4.33|0.5839
[INFO 2018-09-13 16:47:20,260 test_adv] STEP: 93000
[INFO 2018-09-13 16:47:20,260 test_adv] 	Elapsed time:	656s
[INFO 2018-09-13 16:47:20,260 test_adv] 	Train loss|acc:		0.04|0.9905
[INFO 2018-09-13 16:47:20,261 test_adv] 	Adv train loss|acc:	0.09|0.9652
[INFO 2018-09-13 16:47:22,437 test_adv] 	Val loss|acc:		0.94|0.8526
[INFO 2018-09-13 16:48:00,361 test_adv] 	Adv val loss|acc:	4.18|0.5805
[INFO 2018-09-13 16:58:16,357 test_adv] STEP: 94000
[INFO 2018-09-13 16:58:16,357 test_adv] 	Elapsed time:	656s
[INFO 2018-09-13 16:58:16,363 test_adv] 	Train loss|acc:		0.04|0.9901
[INFO 2018-09-13 16:58:16,363 test_adv] 	Adv train loss|acc:	0.09|0.9665
[INFO 2018-09-13 16:58:18,554 test_adv] 	Val loss|acc:		1.00|0.8585
[INFO 2018-09-13 16:58:56,498 test_adv] 	Adv val loss|acc:	4.38|0.5900
[INFO 2018-09-13 17:09:12,349 test_adv] STEP: 95000
[INFO 2018-09-13 17:09:12,349 test_adv] 	Elapsed time:	656s
[INFO 2018-09-13 17:09:12,349 test_adv] 	Train loss|acc:		0.04|0.9909
[INFO 2018-09-13 17:09:12,350 test_adv] 	Adv train loss|acc:	0.09|0.9661
[INFO 2018-09-13 17:09:14,541 test_adv] 	Val loss|acc:		1.00|0.8624
[INFO 2018-09-13 17:09:52,481 test_adv] 	Adv val loss|acc:	4.53|0.5780
[INFO 2018-09-13 17:20:08,230 test_adv] STEP: 96000
[INFO 2018-09-13 17:20:08,231 test_adv] 	Elapsed time:	656s
[INFO 2018-09-13 17:20:08,231 test_adv] 	Train loss|acc:		0.04|0.9902
[INFO 2018-09-13 17:20:08,231 test_adv] 	Adv train loss|acc:	0.09|0.9680
[INFO 2018-09-13 17:20:10,433 test_adv] 	Val loss|acc:		0.96|0.8651
[INFO 2018-09-13 17:20:48,222 test_adv] 	Adv val loss|acc:	4.59|0.5912
[INFO 2018-09-13 17:31:04,363 test_adv] STEP: 97000
[INFO 2018-09-13 17:31:04,363 test_adv] 	Elapsed time:	656s
[INFO 2018-09-13 17:31:04,363 test_adv] 	Train loss|acc:		0.04|0.9900
[INFO 2018-09-13 17:31:04,363 test_adv] 	Adv train loss|acc:	0.09|0.9653
[INFO 2018-09-13 17:31:06,567 test_adv] 	Val loss|acc:		0.96|0.8571
[INFO 2018-09-13 17:31:44,519 test_adv] 	Adv val loss|acc:	4.39|0.5875
[INFO 2018-09-13 17:42:00,440 test_adv] STEP: 98000
[INFO 2018-09-13 17:42:00,440 test_adv] 	Elapsed time:	656s
[INFO 2018-09-13 17:42:00,441 test_adv] 	Train loss|acc:		0.04|0.9909
[INFO 2018-09-13 17:42:00,441 test_adv] 	Adv train loss|acc:	0.09|0.9664
[INFO 2018-09-13 17:42:02,631 test_adv] 	Val loss|acc:		0.97|0.8689
[INFO 2018-09-13 17:42:40,454 test_adv] 	Adv val loss|acc:	4.53|0.5887
[INFO 2018-09-13 17:52:56,511 test_adv] STEP: 99000
[INFO 2018-09-13 17:52:56,511 test_adv] 	Elapsed time:	656s
[INFO 2018-09-13 17:52:56,512 test_adv] 	Train loss|acc:		0.04|0.9901
[INFO 2018-09-13 17:52:56,512 test_adv] 	Adv train loss|acc:	0.09|0.9657
[INFO 2018-09-13 17:52:58,692 test_adv] 	Val loss|acc:		0.86|0.8673
[INFO 2018-09-13 17:53:36,611 test_adv] 	Adv val loss|acc:	4.08|0.5798
